[2023-10-21 19:06:14,977: INFO: common: yaml file: config\config.yaml loaded successfully]
[2023-10-21 19:06:14,980: INFO: common: yaml file: params.yaml loaded successfully]
[2023-10-21 19:06:14,982: INFO: common: yaml file: schema.yaml loaded successfully]
[2023-10-21 19:06:14,985: INFO: common: created directory at artifacts]
[2023-10-21 19:06:14,987: INFO: common: created directory at artifacts/model_trainer]
[2023-10-21 19:07:00,972: INFO: common: yaml file: config\config.yaml loaded successfully]
[2023-10-21 19:07:00,974: INFO: common: yaml file: params.yaml loaded successfully]
[2023-10-21 19:07:00,980: INFO: common: yaml file: schema.yaml loaded successfully]
[2023-10-21 19:07:00,982: INFO: common: created directory at artifacts]
[2023-10-21 19:07:00,983: INFO: common: created directory at artifacts/model_trainer]
[2023-10-21 19:07:14,039: INFO: common: yaml file: config\config.yaml loaded successfully]
[2023-10-21 19:07:14,043: INFO: common: yaml file: params.yaml loaded successfully]
[2023-10-21 19:07:14,048: INFO: common: yaml file: schema.yaml loaded successfully]
[2023-10-21 19:07:14,050: INFO: common: created directory at artifacts]
[2023-10-21 19:07:14,051: INFO: common: created directory at artifacts/model_trainer]
[2023-10-21 19:08:19,521: INFO: common: yaml file: config\config.yaml loaded successfully]
[2023-10-21 19:08:19,523: INFO: common: yaml file: params.yaml loaded successfully]
[2023-10-21 19:08:19,526: INFO: common: yaml file: schema.yaml loaded successfully]
[2023-10-21 19:08:19,527: INFO: common: created directory at artifacts]
[2023-10-21 19:08:19,528: INFO: common: created directory at artifacts/model_trainer]
[2023-10-21 19:08:42,933: INFO: common: yaml file: config\config.yaml loaded successfully]
[2023-10-21 19:08:42,936: INFO: common: yaml file: params.yaml loaded successfully]
[2023-10-21 19:08:42,938: INFO: common: yaml file: schema.yaml loaded successfully]
[2023-10-21 19:08:42,940: INFO: common: created directory at artifacts]
[2023-10-21 19:08:42,941: INFO: common: created directory at artifacts/model_trainer]
[2023-10-21 19:11:23,502: INFO: common: yaml file: config\config.yaml loaded successfully]
[2023-10-21 19:11:23,505: INFO: common: yaml file: params.yaml loaded successfully]
[2023-10-21 19:11:23,507: INFO: common: yaml file: schema.yaml loaded successfully]
[2023-10-21 19:11:23,509: INFO: common: created directory at artifacts]
[2023-10-21 19:11:23,510: INFO: common: created directory at artifacts/model_trainer]
[2023-10-21 19:11:49,847: INFO: common: yaml file: config\config.yaml loaded successfully]
[2023-10-21 19:11:49,849: INFO: common: yaml file: params.yaml loaded successfully]
[2023-10-21 19:11:49,851: INFO: common: yaml file: schema.yaml loaded successfully]
[2023-10-21 19:11:49,853: INFO: common: created directory at artifacts]
[2023-10-21 19:11:49,854: INFO: common: created directory at artifacts/model_trainer]
[2023-10-21 19:12:14,285: INFO: common: yaml file: config\config.yaml loaded successfully]
[2023-10-21 19:12:14,287: INFO: common: yaml file: params.yaml loaded successfully]
[2023-10-21 19:12:14,290: INFO: common: yaml file: schema.yaml loaded successfully]
[2023-10-21 19:12:14,291: INFO: common: created directory at artifacts]
[2023-10-21 19:12:14,292: INFO: common: created directory at artifacts/model_trainer]
[2023-10-21 19:12:34,812: INFO: common: yaml file: config\config.yaml loaded successfully]
[2023-10-21 19:12:34,813: INFO: common: yaml file: params.yaml loaded successfully]
[2023-10-21 19:12:34,816: INFO: common: yaml file: schema.yaml loaded successfully]
[2023-10-21 19:12:34,818: INFO: common: created directory at artifacts]
[2023-10-21 19:12:34,819: INFO: common: created directory at artifacts/model_trainer]
[2023-10-21 19:13:02,225: INFO: common: yaml file: config\config.yaml loaded successfully]
[2023-10-21 19:13:02,227: INFO: common: yaml file: params.yaml loaded successfully]
[2023-10-21 19:13:02,229: INFO: common: yaml file: schema.yaml loaded successfully]
[2023-10-21 19:13:02,231: INFO: common: created directory at artifacts]
[2023-10-21 19:13:02,232: INFO: common: created directory at artifacts/model_trainer]
[2023-10-21 19:13:26,000: INFO: common: yaml file: config\config.yaml loaded successfully]
[2023-10-21 19:13:26,003: INFO: common: yaml file: params.yaml loaded successfully]
[2023-10-21 19:13:26,004: INFO: common: yaml file: schema.yaml loaded successfully]
[2023-10-21 19:13:26,006: INFO: common: created directory at artifacts]
[2023-10-21 19:13:26,007: INFO: common: created directory at artifacts/model_trainer]
