[2023-10-19 20:17:30,151: INFO: main: Welcome to NBA prediction]
[2023-10-19 21:03:38,713: INFO: common: yaml file: config\config.yaml loaded successfully]
[2023-10-19 21:03:38,716: INFO: common: yaml file: params.yaml loaded successfully]
[2023-10-19 21:04:05,618: INFO: common: yaml file: config\config.yaml loaded successfully]
[2023-10-19 21:04:05,620: INFO: common: yaml file: params.yaml loaded successfully]
[2023-10-19 21:04:05,623: INFO: common: yaml file: schema.yaml loaded successfully]
[2023-10-19 21:04:05,624: INFO: common: created directory at artifacts]
[2023-10-19 21:04:05,626: INFO: common: created directory at artifacts/data_ingestion]
[2023-10-19 21:04:05,629: ERROR: 2892812591: Source file does not exist or is not a regular file.]
[2023-10-19 21:04:46,286: INFO: common: yaml file: config\config.yaml loaded successfully]
[2023-10-19 21:04:46,286: INFO: common: yaml file: params.yaml loaded successfully]
[2023-10-19 21:04:46,301: INFO: common: yaml file: schema.yaml loaded successfully]
[2023-10-19 21:04:46,303: INFO: common: created directory at artifacts]
[2023-10-19 21:04:46,304: INFO: common: created directory at artifacts/data_ingestion]
[2023-10-19 21:04:59,278: INFO: common: yaml file: config\config.yaml loaded successfully]
[2023-10-19 21:04:59,280: INFO: common: yaml file: params.yaml loaded successfully]
[2023-10-19 21:04:59,281: INFO: common: yaml file: schema.yaml loaded successfully]
[2023-10-19 21:04:59,282: INFO: common: created directory at artifacts]
[2023-10-19 21:04:59,284: INFO: common: created directory at artifacts/data_ingestion]
[2023-10-19 21:05:17,254: INFO: common: yaml file: config\config.yaml loaded successfully]
[2023-10-19 21:05:17,256: INFO: common: yaml file: params.yaml loaded successfully]
[2023-10-19 21:05:17,257: INFO: common: yaml file: schema.yaml loaded successfully]
[2023-10-19 21:05:17,258: INFO: common: created directory at artifacts]
[2023-10-19 21:05:17,260: INFO: common: created directory at artifacts/data_ingestion]
[2023-10-19 21:05:35,065: INFO: common: yaml file: config\config.yaml loaded successfully]
[2023-10-19 21:05:35,069: INFO: common: yaml file: params.yaml loaded successfully]
[2023-10-19 21:05:35,072: INFO: common: yaml file: schema.yaml loaded successfully]
[2023-10-19 21:05:35,074: INFO: common: created directory at artifacts]
[2023-10-19 21:05:35,076: INFO: common: created directory at artifacts/data_ingestion]
[2023-10-19 21:05:35,079: ERROR: 3135120561: Source file does not exist or is not a regular file.]
[2023-10-19 21:06:09,127: INFO: common: yaml file: config\config.yaml loaded successfully]
[2023-10-19 21:06:09,129: INFO: common: yaml file: params.yaml loaded successfully]
[2023-10-19 21:06:09,129: INFO: common: yaml file: schema.yaml loaded successfully]
[2023-10-19 21:06:09,129: INFO: common: created directory at artifacts]
[2023-10-19 21:06:09,137: INFO: common: created directory at artifacts/data_ingestion]
[2023-10-19 21:06:09,140: ERROR: 3135120561: Source file does not exist or is not a regular file.]
[2023-10-19 21:06:11,774: INFO: common: yaml file: config\config.yaml loaded successfully]
[2023-10-19 21:06:11,778: INFO: common: yaml file: params.yaml loaded successfully]
[2023-10-19 21:06:11,782: INFO: common: yaml file: schema.yaml loaded successfully]
[2023-10-19 21:06:11,783: INFO: common: created directory at artifacts]
[2023-10-19 21:06:11,784: INFO: common: created directory at artifacts/data_ingestion]
[2023-10-19 21:06:11,786: ERROR: 3135120561: Source file does not exist or is not a regular file.]
[2023-10-19 21:06:31,606: INFO: common: yaml file: config\config.yaml loaded successfully]
[2023-10-19 21:06:31,617: INFO: common: yaml file: params.yaml loaded successfully]
[2023-10-19 21:06:31,617: INFO: common: yaml file: schema.yaml loaded successfully]
[2023-10-19 21:06:31,617: INFO: common: created directory at artifacts]
[2023-10-19 21:06:31,617: INFO: common: created directory at artifacts/data_ingestion]
[2023-10-19 21:06:31,617: ERROR: 3135120561: Source file does not exist or is not a regular file.]
[2023-10-19 21:09:31,953: INFO: common: yaml file: config\config.yaml loaded successfully]
[2023-10-19 21:09:31,953: INFO: common: yaml file: params.yaml loaded successfully]
[2023-10-19 21:09:31,953: INFO: common: yaml file: schema.yaml loaded successfully]
[2023-10-19 21:09:31,961: INFO: common: created directory at artifacts]
[2023-10-19 21:09:31,962: INFO: common: created directory at artifacts/data_ingestion]
[2023-10-19 21:09:31,962: ERROR: 3135120561: Source file does not exist or is not a regular file.]
[2023-10-19 21:09:54,075: INFO: common: yaml file: config\config.yaml loaded successfully]
[2023-10-19 21:09:54,077: INFO: common: yaml file: params.yaml loaded successfully]
[2023-10-19 21:09:54,080: INFO: common: yaml file: schema.yaml loaded successfully]
[2023-10-19 21:09:54,081: INFO: common: created directory at artifacts]
[2023-10-19 21:09:54,085: INFO: common: created directory at artifacts/data_ingestion]
[2023-10-19 21:09:54,098: INFO: 3135120561: File copied from data\nba_logreg.csv to artifacts/data_ingestion/data]
[2023-10-19 21:10:18,835: INFO: common: yaml file: config\config.yaml loaded successfully]
[2023-10-19 21:10:18,837: INFO: common: yaml file: params.yaml loaded successfully]
[2023-10-19 21:10:18,839: INFO: common: yaml file: schema.yaml loaded successfully]
[2023-10-19 21:10:18,840: INFO: common: created directory at artifacts]
[2023-10-19 21:10:18,842: INFO: common: created directory at artifacts/data_ingestion]
[2023-10-19 21:10:18,844: INFO: 3135120561: File copied from data\nba_logreg.csv to artifacts/data_ingestion/data]
[2023-10-19 21:10:35,497: INFO: common: yaml file: config\config.yaml loaded successfully]
[2023-10-19 21:10:35,499: INFO: common: yaml file: params.yaml loaded successfully]
[2023-10-19 21:10:35,500: INFO: common: yaml file: schema.yaml loaded successfully]
[2023-10-19 21:10:35,502: INFO: common: created directory at artifacts]
[2023-10-19 21:10:35,504: INFO: common: created directory at artifacts/data_ingestion]
[2023-10-19 21:10:35,507: INFO: 3135120561: File copied from data\nba_logreg.csv to artifacts/data_ingestion/data.csv]
[2023-10-21 15:06:47,071: INFO: main: >>>>>>>>>>>< stage Data ingestion stage stared <<<<<<<<<]
[2023-10-21 15:06:47,071: INFO: common: yaml file: config\config.yaml loaded successfully]
[2023-10-21 15:06:47,089: INFO: common: yaml file: params.yaml loaded successfully]
[2023-10-21 15:06:47,091: INFO: common: yaml file: schema.yaml loaded successfully]
[2023-10-21 15:06:47,091: INFO: common: created directory at artifacts]
[2023-10-21 15:06:47,092: INFO: common: created directory at artifacts/data_ingestion]
[2023-10-21 15:06:47,101: INFO: data_ingestion: File copied from data\nba_logreg.csv to artifacts/data_ingestion/data.csv]
[2023-10-21 15:06:47,101: INFO: main: >>>>>>>>>end of Data ingestion stage<<<<<<<<<<<<]
[2023-10-21 15:21:18,901: INFO: common: yaml file: config\config.yaml loaded successfully]
[2023-10-21 15:21:18,903: INFO: common: yaml file: params.yaml loaded successfully]
[2023-10-21 15:21:18,906: INFO: common: yaml file: schema.yaml loaded successfully]
[2023-10-21 15:21:18,908: INFO: common: created directory at artifacts]
[2023-10-21 15:21:18,910: INFO: common: created directory at artifacts/data_validation]
[2023-10-21 15:22:18,721: INFO: common: yaml file: config\config.yaml loaded successfully]
[2023-10-21 15:22:18,723: INFO: common: yaml file: params.yaml loaded successfully]
[2023-10-21 15:22:18,725: INFO: common: yaml file: schema.yaml loaded successfully]
[2023-10-21 15:22:18,727: INFO: common: created directory at artifacts]
[2023-10-21 15:22:18,728: INFO: common: created directory at artifacts/data_validation]
[2023-10-21 16:00:03,564: INFO: main: >>>>>>>>>>>< stage Data ingestion stage stared <<<<<<<<<]
[2023-10-21 16:00:03,564: INFO: common: yaml file: config\config.yaml loaded successfully]
[2023-10-21 16:00:03,564: INFO: common: yaml file: params.yaml loaded successfully]
[2023-10-21 16:00:03,580: INFO: common: yaml file: schema.yaml loaded successfully]
[2023-10-21 16:00:03,580: INFO: common: created directory at artifacts]
[2023-10-21 16:00:03,583: INFO: common: created directory at artifacts/data_ingestion]
[2023-10-21 16:00:03,585: INFO: data_ingestion: File copied from data\nba_logreg.csv to artifacts/data_ingestion/data.csv]
[2023-10-21 16:00:03,585: INFO: main: >>>>>>>>>end of Data ingestion stage<<<<<<<<<<<<]
[2023-10-21 16:00:03,586: INFO: main: >>>>>>>>>>>< stage Data Validation stage stared <<<<<<<<<]
[2023-10-21 16:00:03,589: INFO: common: yaml file: config\config.yaml loaded successfully]
[2023-10-21 16:00:03,589: INFO: common: yaml file: params.yaml loaded successfully]
[2023-10-21 16:00:03,592: INFO: common: yaml file: schema.yaml loaded successfully]
[2023-10-21 16:00:03,592: INFO: common: created directory at artifacts]
[2023-10-21 16:00:03,592: INFO: common: created directory at artifacts/data_validation]
[2023-10-21 16:00:03,603: INFO: main: >>>>>>>>>end of Data Validation stage<<<<<<<<<<<<]
[2023-10-21 16:39:55,827: INFO: common: yaml file: config\config.yaml loaded successfully]
[2023-10-21 16:39:55,830: INFO: common: yaml file: params.yaml loaded successfully]
[2023-10-21 16:39:55,833: INFO: common: yaml file: schema.yaml loaded successfully]
[2023-10-21 16:39:55,835: INFO: common: created directory at artifacts]
[2023-10-21 16:39:55,837: INFO: common: created directory at artifacts/data_transformation]
[2023-10-21 16:39:55,942: INFO: 288601790: Splited data into training and test sets]
[2023-10-21 16:39:55,943: INFO: 288601790: (614, 20)]
[2023-10-21 16:39:55,945: INFO: 288601790: (268, 20)]
[2023-10-21 16:50:24,243: INFO: main: >>>>>>>>>>>< stage Data ingestion stage stared <<<<<<<<<]
[2023-10-21 16:50:24,245: INFO: common: yaml file: config\config.yaml loaded successfully]
[2023-10-21 16:50:24,247: INFO: common: yaml file: params.yaml loaded successfully]
[2023-10-21 16:50:24,247: INFO: common: yaml file: schema.yaml loaded successfully]
[2023-10-21 16:50:24,249: INFO: common: created directory at artifacts]
[2023-10-21 16:50:24,250: INFO: common: created directory at artifacts/data_ingestion]
[2023-10-21 16:50:24,252: INFO: data_ingestion: File copied from data\nba_logreg.csv to artifacts/data_ingestion/data.csv]
[2023-10-21 16:50:24,253: INFO: main: >>>>>>>>>end of Data ingestion stage<<<<<<<<<<<<]
[2023-10-21 16:50:24,253: INFO: main: >>>>>>>>>>>< stage Data Validation stage stared <<<<<<<<<]
[2023-10-21 16:50:24,257: INFO: common: yaml file: config\config.yaml loaded successfully]
[2023-10-21 16:50:24,258: INFO: common: yaml file: params.yaml loaded successfully]
[2023-10-21 16:50:24,262: INFO: common: yaml file: schema.yaml loaded successfully]
[2023-10-21 16:50:24,263: INFO: common: created directory at artifacts]
[2023-10-21 16:50:24,264: INFO: common: created directory at artifacts/data_validation]
[2023-10-21 16:50:24,290: INFO: main: >>>>>>>>>end of Data Validation stage<<<<<<<<<<<<]
[2023-10-21 16:50:24,291: INFO: main: >>>>>>>>> stage Data Transformation stage started<<<<<<<<<<<]
[2023-10-21 16:50:24,296: INFO: common: yaml file: config\config.yaml loaded successfully]
[2023-10-21 16:50:24,298: INFO: common: yaml file: params.yaml loaded successfully]
[2023-10-21 16:50:24,302: INFO: common: yaml file: schema.yaml loaded successfully]
[2023-10-21 16:50:24,303: INFO: common: created directory at artifacts]
[2023-10-21 16:50:24,314: INFO: common: created directory at artifacts/data_transformation]
[2023-10-21 16:50:24,445: INFO: data_transformation: Splited data into training and test sets]
[2023-10-21 16:50:24,446: INFO: data_transformation: (614, 20)]
[2023-10-21 16:50:24,446: INFO: data_transformation: (268, 20)]
[2023-10-21 16:50:24,448: INFO: main: >>>>><< stage Data Transformation stage completed]
[2023-10-21 17:11:08,852: INFO: common: yaml file: config\config.yaml loaded successfully]
[2023-10-21 17:11:08,856: INFO: common: yaml file: params.yaml loaded successfully]
[2023-10-21 17:11:08,859: INFO: common: yaml file: schema.yaml loaded successfully]
[2023-10-21 17:11:08,860: INFO: common: created directory at artifacts]
[2023-10-21 17:11:08,861: INFO: common: created directory at artifacts/model_trainer]
[2023-10-21 17:11:38,793: INFO: common: yaml file: config\config.yaml loaded successfully]
[2023-10-21 17:11:38,796: INFO: common: yaml file: params.yaml loaded successfully]
[2023-10-21 17:11:38,799: INFO: common: yaml file: schema.yaml loaded successfully]
[2023-10-21 17:11:38,800: INFO: common: created directory at artifacts]
[2023-10-21 17:11:38,801: INFO: common: created directory at artifacts/model_trainer]
[2023-10-21 17:39:14,818: INFO: main: >>>>>>>>>>>< stage Data ingestion stage stared <<<<<<<<<]
[2023-10-21 17:39:14,822: INFO: common: yaml file: config\config.yaml loaded successfully]
[2023-10-21 17:39:14,825: INFO: common: yaml file: params.yaml loaded successfully]
[2023-10-21 17:39:14,827: INFO: common: yaml file: schema.yaml loaded successfully]
[2023-10-21 17:39:14,828: INFO: common: created directory at artifacts]
[2023-10-21 17:39:14,829: INFO: common: created directory at artifacts/data_ingestion]
[2023-10-21 17:39:14,831: INFO: data_ingestion: File copied from data\nba_logreg.csv to artifacts/data_ingestion/data.csv]
[2023-10-21 17:39:14,832: INFO: main: >>>>>>>>>end of Data ingestion stage<<<<<<<<<<<<]
[2023-10-21 17:39:14,832: INFO: main: >>>>>>>>>>>< stage Data Validation stage stared <<<<<<<<<]
[2023-10-21 17:39:14,837: INFO: common: yaml file: config\config.yaml loaded successfully]
[2023-10-21 17:39:14,838: INFO: common: yaml file: params.yaml loaded successfully]
[2023-10-21 17:39:14,841: INFO: common: yaml file: schema.yaml loaded successfully]
[2023-10-21 17:39:14,842: INFO: common: created directory at artifacts]
[2023-10-21 17:39:14,843: INFO: common: created directory at artifacts/data_validation]
[2023-10-21 17:39:14,872: INFO: main: >>>>>>>>>end of Data Validation stage<<<<<<<<<<<<]
[2023-10-21 17:39:14,872: INFO: main: >>>>>>>>> stage Data Transformation stage started<<<<<<<<<<<]
[2023-10-21 17:39:14,882: INFO: common: yaml file: config\config.yaml loaded successfully]
[2023-10-21 17:39:14,885: INFO: common: yaml file: params.yaml loaded successfully]
[2023-10-21 17:39:14,888: INFO: common: yaml file: schema.yaml loaded successfully]
[2023-10-21 17:39:14,889: INFO: common: created directory at artifacts]
[2023-10-21 17:39:14,891: INFO: common: created directory at artifacts/data_transformation]
[2023-10-21 17:39:14,979: INFO: data_transformation: Splited data into training and test sets]
[2023-10-21 17:39:14,980: INFO: data_transformation: (614, 20)]
[2023-10-21 17:39:14,981: INFO: data_transformation: (268, 20)]
[2023-10-21 17:39:14,982: INFO: main: >>>>><< stage Data Transformation stage completed]
[2023-10-21 17:39:14,983: INFO: main: >>>>>> stage Model Trainer Stage started <<<<<<]
[2023-10-21 17:39:14,988: INFO: common: yaml file: config\config.yaml loaded successfully]
[2023-10-21 17:39:14,990: INFO: common: yaml file: params.yaml loaded successfully]
[2023-10-21 17:39:14,993: INFO: common: yaml file: schema.yaml loaded successfully]
[2023-10-21 17:39:14,995: INFO: common: created directory at artifacts]
[2023-10-21 17:39:14,996: INFO: common: created directory at artifacts/model_trainer]
[2023-10-21 17:39:15,089: INFO: main: >>>>>> stage Model Trainer Stage completed <<<<<<

x==========x]
[2023-10-21 18:49:06,688: INFO: main: >>>>>>>>>>>< stage Data ingestion stage stared <<<<<<<<<]
[2023-10-21 18:49:06,692: INFO: common: yaml file: config\config.yaml loaded successfully]
[2023-10-21 18:49:06,694: INFO: common: yaml file: params.yaml loaded successfully]
[2023-10-21 18:49:06,695: INFO: common: yaml file: schema.yaml loaded successfully]
[2023-10-21 18:49:06,696: INFO: common: created directory at artifacts]
[2023-10-21 18:49:06,697: INFO: common: created directory at artifacts/data_ingestion]
[2023-10-21 18:49:06,704: INFO: data_ingestion: File copied from data\nba_logreg.csv to artifacts/data_ingestion/data.csv]
[2023-10-21 18:49:06,705: INFO: main: >>>>>>>>>end of Data ingestion stage<<<<<<<<<<<<]
[2023-10-21 18:49:06,705: INFO: main: >>>>>>>>>>>< stage Data Validation stage stared <<<<<<<<<]
[2023-10-21 18:49:06,708: INFO: common: yaml file: config\config.yaml loaded successfully]
[2023-10-21 18:49:06,709: INFO: common: yaml file: params.yaml loaded successfully]
[2023-10-21 18:49:06,711: INFO: common: yaml file: schema.yaml loaded successfully]
[2023-10-21 18:49:06,712: INFO: common: created directory at artifacts]
[2023-10-21 18:49:06,712: INFO: common: created directory at artifacts/data_validation]
[2023-10-21 18:49:06,730: INFO: main: >>>>>>>>>end of Data Validation stage<<<<<<<<<<<<]
[2023-10-21 18:49:06,731: INFO: main: >>>>>>>>> stage Data Transformation stage started<<<<<<<<<<<]
[2023-10-21 18:49:06,740: INFO: common: yaml file: config\config.yaml loaded successfully]
[2023-10-21 18:49:06,741: INFO: common: yaml file: params.yaml loaded successfully]
[2023-10-21 18:49:06,743: INFO: common: yaml file: schema.yaml loaded successfully]
[2023-10-21 18:49:06,744: INFO: common: created directory at artifacts]
[2023-10-21 18:49:06,744: INFO: common: created directory at artifacts/data_transformation]
[2023-10-21 18:49:06,861: INFO: data_transformation: Splited data into training and test sets]
[2023-10-21 18:49:06,864: INFO: data_transformation: (614, 20)]
[2023-10-21 18:49:06,864: INFO: data_transformation: (268, 20)]
[2023-10-21 18:49:06,866: INFO: main: >>>>><< stage Data Transformation stage completed]
[2023-10-21 18:49:06,866: INFO: main: >>>>>> stage Model Trainer Stage started <<<<<<]
[2023-10-21 18:49:06,871: INFO: common: yaml file: config\config.yaml loaded successfully]
[2023-10-21 18:49:06,873: INFO: common: yaml file: params.yaml loaded successfully]
[2023-10-21 18:49:06,874: INFO: common: yaml file: schema.yaml loaded successfully]
[2023-10-21 18:49:06,875: INFO: common: created directory at artifacts]
[2023-10-21 18:49:06,876: INFO: common: created directory at artifacts/model_trainer]
[2023-10-21 18:49:06,918: INFO: main: >>>>>> stage Model Trainer Stage completed <<<<<<

x==========x]
[2023-10-21 18:50:59,739: INFO: common: yaml file: config\config.yaml loaded successfully]
[2023-10-21 18:50:59,742: INFO: common: yaml file: params.yaml loaded successfully]
[2023-10-21 18:50:59,747: INFO: common: yaml file: schema.yaml loaded successfully]
[2023-10-21 18:50:59,749: INFO: common: created directory at artifacts]
[2023-10-21 18:50:59,750: INFO: common: created directory at artifacts/model_evaluation]
[2023-10-21 18:51:14,445: INFO: common: yaml file: config\config.yaml loaded successfully]
[2023-10-21 18:51:14,447: INFO: common: yaml file: params.yaml loaded successfully]
[2023-10-21 18:51:14,449: INFO: common: yaml file: schema.yaml loaded successfully]
[2023-10-21 18:51:14,451: INFO: common: created directory at artifacts]
[2023-10-21 18:51:14,452: INFO: common: created directory at artifacts/model_evaluation]
[2023-10-21 18:52:18,750: INFO: common: yaml file: config\config.yaml loaded successfully]
[2023-10-21 18:52:18,752: INFO: common: yaml file: params.yaml loaded successfully]
[2023-10-21 18:52:18,755: INFO: common: yaml file: schema.yaml loaded successfully]
[2023-10-21 18:52:18,757: INFO: common: created directory at artifacts]
[2023-10-21 18:52:18,758: INFO: common: created directory at artifacts/model_evaluation]
[2023-10-21 18:53:45,789: INFO: common: yaml file: config\config.yaml loaded successfully]
[2023-10-21 18:53:45,791: INFO: common: yaml file: params.yaml loaded successfully]
[2023-10-21 18:53:45,793: INFO: common: yaml file: schema.yaml loaded successfully]
[2023-10-21 18:53:45,795: INFO: common: created directory at artifacts]
[2023-10-21 18:53:45,796: INFO: common: created directory at artifacts/model_evaluation]
[2023-10-21 18:54:01,507: INFO: common: yaml file: config\config.yaml loaded successfully]
[2023-10-21 18:54:01,509: INFO: common: yaml file: params.yaml loaded successfully]
[2023-10-21 18:54:01,512: INFO: common: yaml file: schema.yaml loaded successfully]
[2023-10-21 18:54:01,513: INFO: common: created directory at artifacts]
[2023-10-21 18:54:01,514: INFO: common: created directory at artifacts/model_evaluation]
[2023-10-21 18:54:14,206: INFO: common: yaml file: config\config.yaml loaded successfully]
[2023-10-21 18:54:14,208: INFO: common: yaml file: params.yaml loaded successfully]
[2023-10-21 18:54:14,211: INFO: common: yaml file: schema.yaml loaded successfully]
[2023-10-21 18:54:14,212: INFO: common: created directory at artifacts]
[2023-10-21 18:54:14,213: INFO: common: created directory at artifacts/model_evaluation]
[2023-10-21 18:55:16,139: INFO: common: yaml file: config\config.yaml loaded successfully]
[2023-10-21 18:55:16,141: INFO: common: yaml file: params.yaml loaded successfully]
[2023-10-21 18:55:16,144: INFO: common: yaml file: schema.yaml loaded successfully]
[2023-10-21 18:55:16,146: INFO: common: created directory at artifacts]
[2023-10-21 18:55:16,147: INFO: common: created directory at artifacts/model_evaluation]
[2023-10-21 18:55:41,710: INFO: common: yaml file: config\config.yaml loaded successfully]
[2023-10-21 18:55:41,713: INFO: common: yaml file: params.yaml loaded successfully]
[2023-10-21 18:55:41,717: INFO: common: yaml file: schema.yaml loaded successfully]
[2023-10-21 18:55:41,718: INFO: common: created directory at artifacts]
[2023-10-21 18:55:41,719: INFO: common: created directory at artifacts/model_evaluation]
[2023-10-21 18:56:48,843: INFO: common: yaml file: config\config.yaml loaded successfully]
[2023-10-21 18:56:48,845: INFO: common: yaml file: params.yaml loaded successfully]
[2023-10-21 18:56:48,846: INFO: common: yaml file: schema.yaml loaded successfully]
[2023-10-21 18:56:48,849: INFO: common: created directory at artifacts]
[2023-10-21 18:56:48,851: INFO: common: created directory at artifacts/model_evaluation]
[2023-10-21 18:57:17,667: INFO: common: yaml file: config\config.yaml loaded successfully]
[2023-10-21 18:57:17,669: INFO: common: yaml file: params.yaml loaded successfully]
[2023-10-21 18:57:17,679: INFO: common: yaml file: schema.yaml loaded successfully]
[2023-10-21 18:57:17,681: INFO: common: created directory at artifacts]
[2023-10-21 18:57:17,683: INFO: common: created directory at artifacts/model_evaluation]
[2023-10-21 18:59:22,629: INFO: common: yaml file: config\config.yaml loaded successfully]
[2023-10-21 18:59:22,631: INFO: common: yaml file: params.yaml loaded successfully]
[2023-10-21 18:59:22,633: INFO: common: yaml file: schema.yaml loaded successfully]
[2023-10-21 18:59:22,634: INFO: common: created directory at artifacts]
[2023-10-21 18:59:22,636: INFO: common: created directory at artifacts/model_evaluation]
[2023-10-21 19:14:24,141: INFO: common: yaml file: config\config.yaml loaded successfully]
[2023-10-21 19:14:24,143: INFO: common: yaml file: params.yaml loaded successfully]
[2023-10-21 19:14:24,147: INFO: common: yaml file: schema.yaml loaded successfully]
[2023-10-21 19:14:24,148: INFO: common: created directory at artifacts]
[2023-10-21 19:14:24,149: INFO: common: created directory at artifacts/model_evaluation]
[2023-10-21 19:14:58,531: INFO: common: yaml file: config\config.yaml loaded successfully]
[2023-10-21 19:14:58,533: INFO: common: yaml file: params.yaml loaded successfully]
[2023-10-21 19:14:58,535: INFO: common: yaml file: schema.yaml loaded successfully]
[2023-10-21 19:14:58,536: INFO: common: created directory at artifacts]
[2023-10-21 19:14:58,538: INFO: common: created directory at artifacts/model_evaluation]
[2023-10-21 19:16:24,215: INFO: common: yaml file: config\config.yaml loaded successfully]
[2023-10-21 19:16:24,217: INFO: common: yaml file: params.yaml loaded successfully]
[2023-10-21 19:16:24,220: INFO: common: yaml file: schema.yaml loaded successfully]
[2023-10-21 19:16:24,221: INFO: common: created directory at artifacts]
[2023-10-21 19:16:24,222: INFO: common: created directory at artifacts/model_evaluation]
[2023-10-21 19:16:24,245: INFO: common: json file saved at: artifacts\model_evaluation\metrics.json]
[2023-10-21 19:39:52,953: INFO: main: >>>>>>>>>>>< stage Data ingestion stage stared <<<<<<<<<]
[2023-10-21 19:39:52,957: INFO: common: yaml file: config\config.yaml loaded successfully]
[2023-10-21 19:39:52,958: INFO: common: yaml file: params.yaml loaded successfully]
[2023-10-21 19:39:52,965: INFO: common: yaml file: schema.yaml loaded successfully]
[2023-10-21 19:39:52,966: INFO: common: created directory at artifacts]
[2023-10-21 19:39:52,966: INFO: common: created directory at artifacts/data_ingestion]
[2023-10-21 19:39:52,967: INFO: data_ingestion: File already exists of size 129360]
[2023-10-21 19:39:52,967: INFO: main: >>>>>>>>>end of Data ingestion stage<<<<<<<<<<<<]
[2023-10-21 19:39:52,968: INFO: main: >>>>>>>>>>>< stage Data Validation stage stared <<<<<<<<<]
[2023-10-21 19:39:52,970: INFO: common: yaml file: config\config.yaml loaded successfully]
[2023-10-21 19:39:52,971: INFO: common: yaml file: params.yaml loaded successfully]
[2023-10-21 19:39:52,973: INFO: common: yaml file: schema.yaml loaded successfully]
[2023-10-21 19:39:52,974: INFO: common: created directory at artifacts]
[2023-10-21 19:39:52,975: INFO: common: created directory at artifacts/data_validation]
[2023-10-21 19:39:52,986: INFO: main: >>>>>>>>>end of Data Validation stage<<<<<<<<<<<<]
[2023-10-21 19:39:52,987: INFO: main: >>>>>>>>> stage Data Transformation stage started<<<<<<<<<<<]
[2023-10-21 19:39:52,995: INFO: common: yaml file: config\config.yaml loaded successfully]
[2023-10-21 19:39:52,997: INFO: common: yaml file: params.yaml loaded successfully]
[2023-10-21 19:39:52,999: INFO: common: yaml file: schema.yaml loaded successfully]
[2023-10-21 19:39:52,999: INFO: common: created directory at artifacts]
[2023-10-21 19:39:53,000: INFO: common: created directory at artifacts/data_transformation]
[2023-10-21 19:39:53,056: INFO: data_transformation: Splited data into training and test sets]
[2023-10-21 19:39:53,057: INFO: data_transformation: (614, 20)]
[2023-10-21 19:39:53,057: INFO: data_transformation: (268, 20)]
[2023-10-21 19:39:53,058: INFO: main: >>>>><< stage Data Transformation stage completed]
[2023-10-21 19:39:53,058: INFO: main: >>>>>> stage Model Trainer Stage started <<<<<<]
[2023-10-21 19:39:53,063: INFO: common: yaml file: config\config.yaml loaded successfully]
[2023-10-21 19:39:53,063: INFO: common: yaml file: params.yaml loaded successfully]
[2023-10-21 19:39:53,063: INFO: common: yaml file: schema.yaml loaded successfully]
[2023-10-21 19:39:53,063: INFO: common: created directory at artifacts]
[2023-10-21 19:39:53,063: INFO: common: created directory at artifacts/model_trainer]
[2023-10-21 19:39:53,097: INFO: main: >>>>>> stage Model Trainer Stage completed <<<<<<

x==========x]
[2023-10-21 19:39:53,098: INFO: main: >>>>>>>>>stage Model Evaluation Stage started <<<<<<<<<]
[2023-10-21 19:39:53,101: INFO: common: yaml file: config\config.yaml loaded successfully]
[2023-10-21 19:39:53,101: INFO: common: yaml file: params.yaml loaded successfully]
[2023-10-21 19:39:53,101: INFO: common: yaml file: schema.yaml loaded successfully]
[2023-10-21 19:39:53,101: INFO: common: created directory at artifacts]
[2023-10-21 19:39:53,108: INFO: common: created directory at artifacts/model_evaluation]
[2023-10-21 19:39:53,125: ERROR: main: The feature names should match those that were passed during fit.
Feature names seen at fit time, yet now missing:
- AST
- DREB
- FGA
- FGM
- FT%
- ...
]
Traceback (most recent call last):
  File "C:\Users\adminn\Documents\GitHub\NBA\main.py", line 63, in <module>
    model_evaluation.main()
  File "C:\Users\adminn\Documents\GitHub\NBA\src\NBA_Project\pipeline\stage_05_model_evaluation.py", line 21, in main
    model_evaluation_config.save_results()
  File "C:\Users\adminn\Documents\GitHub\NBA\src\NBA_Project\components\model_evaluation.py", line 37, in save_results
    predicted_perf = model.predict(test_x)
  File "C:\Users\adminn\Documents\GitHub\NBA\env\lib\site-packages\sklearn\pipeline.py", line 514, in predict
    Xt = transform.transform(Xt)
  File "C:\Users\adminn\Documents\GitHub\NBA\env\lib\site-packages\sklearn\utils\_set_output.py", line 157, in wrapped
    data_to_wrap = f(self, X, *args, **kwargs)
  File "C:\Users\adminn\Documents\GitHub\NBA\env\lib\site-packages\sklearn\preprocessing\_data.py", line 1006, in transform
    X = self._validate_data(
  File "C:\Users\adminn\Documents\GitHub\NBA\env\lib\site-packages\sklearn\base.py", line 580, in _validate_data
    self._check_feature_names(X, reset=reset)
  File "C:\Users\adminn\Documents\GitHub\NBA\env\lib\site-packages\sklearn\base.py", line 507, in _check_feature_names
    raise ValueError(message)
ValueError: The feature names should match those that were passed during fit.
Feature names seen at fit time, yet now missing:
- AST
- DREB
- FGA
- FGM
- FT%
- ...

[2023-10-21 19:40:30,011: INFO: common: yaml file: config\config.yaml loaded successfully]
[2023-10-21 19:40:30,013: INFO: common: yaml file: params.yaml loaded successfully]
[2023-10-21 19:40:30,015: INFO: common: yaml file: schema.yaml loaded successfully]
[2023-10-21 19:40:30,017: INFO: common: created directory at artifacts]
[2023-10-21 19:40:30,017: INFO: common: created directory at artifacts/model_evaluation]
[2023-10-21 19:43:28,370: INFO: main: >>>>>>>>>>>< stage Data ingestion stage stared <<<<<<<<<]
[2023-10-21 19:43:28,370: INFO: common: yaml file: config\config.yaml loaded successfully]
[2023-10-21 19:43:28,370: INFO: common: yaml file: params.yaml loaded successfully]
[2023-10-21 19:43:28,370: INFO: common: yaml file: schema.yaml loaded successfully]
[2023-10-21 19:43:28,370: INFO: common: created directory at artifacts]
[2023-10-21 19:43:28,370: INFO: common: created directory at artifacts/data_ingestion]
[2023-10-21 19:43:28,370: INFO: data_ingestion: File already exists of size 129360]
[2023-10-21 19:43:28,385: INFO: main: >>>>>>>>>end of Data ingestion stage<<<<<<<<<<<<]
[2023-10-21 19:43:28,385: INFO: main: >>>>>>>>>>>< stage Data Validation stage stared <<<<<<<<<]
[2023-10-21 19:43:28,389: INFO: common: yaml file: config\config.yaml loaded successfully]
[2023-10-21 19:43:28,390: INFO: common: yaml file: params.yaml loaded successfully]
[2023-10-21 19:43:28,392: INFO: common: yaml file: schema.yaml loaded successfully]
[2023-10-21 19:43:28,392: INFO: common: created directory at artifacts]
[2023-10-21 19:43:28,392: INFO: common: created directory at artifacts/data_validation]
[2023-10-21 19:43:28,404: INFO: main: >>>>>>>>>end of Data Validation stage<<<<<<<<<<<<]
[2023-10-21 19:43:28,404: INFO: main: >>>>>>>>> stage Data Transformation stage started<<<<<<<<<<<]
[2023-10-21 19:43:28,404: INFO: common: yaml file: config\config.yaml loaded successfully]
[2023-10-21 19:43:28,404: INFO: common: yaml file: params.yaml loaded successfully]
[2023-10-21 19:43:28,404: INFO: common: yaml file: schema.yaml loaded successfully]
[2023-10-21 19:43:28,404: INFO: common: created directory at artifacts]
[2023-10-21 19:43:28,404: INFO: common: created directory at artifacts/data_transformation]
[2023-10-21 19:43:28,481: INFO: data_transformation: Splited data into training and test sets]
[2023-10-21 19:43:28,482: INFO: data_transformation: (614, 20)]
[2023-10-21 19:43:28,482: INFO: data_transformation: (268, 20)]
[2023-10-21 19:43:28,484: INFO: main: >>>>><< stage Data Transformation stage completed]
[2023-10-21 19:43:28,484: INFO: main: >>>>>> stage Model Trainer Stage started <<<<<<]
[2023-10-21 19:43:28,487: INFO: common: yaml file: config\config.yaml loaded successfully]
[2023-10-21 19:43:28,489: INFO: common: yaml file: params.yaml loaded successfully]
[2023-10-21 19:43:28,491: INFO: common: yaml file: schema.yaml loaded successfully]
[2023-10-21 19:43:28,491: INFO: common: created directory at artifacts]
[2023-10-21 19:43:28,492: INFO: common: created directory at artifacts/model_trainer]
[2023-10-21 19:43:28,520: INFO: main: >>>>>> stage Model Trainer Stage completed <<<<<<

x==========x]
[2023-10-21 19:43:28,521: INFO: main: >>>>>>>>>stage Model Evaluation Stage started <<<<<<<<<]
[2023-10-21 19:43:28,524: INFO: common: yaml file: config\config.yaml loaded successfully]
[2023-10-21 19:43:28,526: INFO: common: yaml file: params.yaml loaded successfully]
[2023-10-21 19:43:28,526: INFO: common: yaml file: schema.yaml loaded successfully]
[2023-10-21 19:43:28,526: INFO: common: created directory at artifacts]
[2023-10-21 19:43:28,526: INFO: common: created directory at artifacts/model_evaluation]
[2023-10-21 19:43:28,559: INFO: common: json file saved at: artifacts\model_evaluation\metrics.json]
[2023-10-21 19:43:28,559: INFO: main: >>>>>>>stage Model Evaluation Stage completed <<<<<<<<<<]
[2023-10-21 20:15:06,653: INFO: _internal: [31m[1mWARNING: This is a development server. Do not use it in a production deployment. Use a production WSGI server instead.[0m
 * Running on all addresses (0.0.0.0)
 * Running on http://127.0.0.1:5000
 * Running on http://172.20.10.5:5000]
[2023-10-21 20:15:06,653: INFO: _internal: [33mPress CTRL+C to quit[0m]
[2023-10-21 20:15:13,252: INFO: _internal: 172.20.10.5 - - [21/Oct/2023 20:15:13] "GET / HTTP/1.1" 200 -]
[2023-10-21 20:15:14,275: INFO: _internal: 172.20.10.5 - - [21/Oct/2023 20:15:14] "GET /static/css2/style.css HTTP/1.1" 200 -]
[2023-10-21 20:15:14,276: INFO: _internal: 172.20.10.5 - - [21/Oct/2023 20:15:14] "GET /static/css2/nunito-font.css HTTP/1.1" 200 -]
[2023-10-21 20:15:14,281: INFO: _internal: 172.20.10.5 - - [21/Oct/2023 20:15:14] "GET /static/css/styles.css HTTP/1.1" 200 -]
[2023-10-21 20:15:14,303: INFO: _internal: 172.20.10.5 - - [21/Oct/2023 20:15:14] "GET /static/js/scripts.js HTTP/1.1" 200 -]
[2023-10-21 20:15:14,322: INFO: _internal: 172.20.10.5 - - [21/Oct/2023 20:15:14] "[33mGET /static/assets/img/wine.jpg HTTP/1.1[0m" 404 -]
[2023-10-21 20:15:14,324: INFO: _internal: 172.20.10.5 - - [21/Oct/2023 20:15:14] "GET /static/assets/img/form-v9.jpg HTTP/1.1" 200 -]
[2023-10-21 20:15:14,370: INFO: _internal: 172.20.10.5 - - [21/Oct/2023 20:15:14] "[33mGET /static/fonts/Nunito/Nunito-Bold.ttf HTTP/1.1[0m" 404 -]
[2023-10-21 20:15:30,745: INFO: _internal: 172.20.10.5 - - [21/Oct/2023 20:15:30] "POST /predict HTTP/1.1" 200 -]
[2023-10-21 20:15:30,846: INFO: _internal: 172.20.10.5 - - [21/Oct/2023 20:15:30] "[33mGET /favicon.ico HTTP/1.1[0m" 404 -]
[2023-10-21 20:19:11,264: INFO: _internal: [31m[1mWARNING: This is a development server. Do not use it in a production deployment. Use a production WSGI server instead.[0m
 * Running on all addresses (0.0.0.0)
 * Running on http://127.0.0.1:5000
 * Running on http://172.20.10.5:5000]
[2023-10-21 20:19:11,265: INFO: _internal: [33mPress CTRL+C to quit[0m]
[2023-10-21 20:19:16,839: INFO: _internal: 172.20.10.5 - - [21/Oct/2023 20:19:16] "GET / HTTP/1.1" 200 -]
[2023-10-21 20:19:17,884: INFO: _internal: 172.20.10.5 - - [21/Oct/2023 20:19:17] "[36mGET /static/css2/nunito-font.css HTTP/1.1[0m" 304 -]
[2023-10-21 20:19:17,885: INFO: _internal: 172.20.10.5 - - [21/Oct/2023 20:19:17] "[36mGET /static/css2/style.css HTTP/1.1[0m" 304 -]
[2023-10-21 20:19:17,886: INFO: _internal: 172.20.10.5 - - [21/Oct/2023 20:19:17] "[36mGET /static/js/scripts.js HTTP/1.1[0m" 304 -]
[2023-10-21 20:19:17,899: INFO: _internal: 172.20.10.5 - - [21/Oct/2023 20:19:17] "[36mGET /static/css/styles.css HTTP/1.1[0m" 304 -]
[2023-10-21 20:19:17,937: INFO: _internal: 172.20.10.5 - - [21/Oct/2023 20:19:17] "[33mGET /static/assets/img/wine.jpg HTTP/1.1[0m" 404 -]
[2023-10-21 20:19:17,940: INFO: _internal: 172.20.10.5 - - [21/Oct/2023 20:19:17] "[36mGET /static/assets/img/form-v9.jpg HTTP/1.1[0m" 304 -]
[2023-10-21 20:19:17,992: INFO: _internal: 172.20.10.5 - - [21/Oct/2023 20:19:17] "[33mGET /static/fonts/Nunito/Nunito-Bold.ttf HTTP/1.1[0m" 404 -]
[2023-10-21 20:19:30,340: INFO: _internal: 172.20.10.5 - - [21/Oct/2023 20:19:30] "POST /predict HTTP/1.1" 200 -]
[2023-10-21 20:22:57,325: INFO: _internal: [31m[1mWARNING: This is a development server. Do not use it in a production deployment. Use a production WSGI server instead.[0m
 * Running on all addresses (0.0.0.0)
 * Running on http://127.0.0.1:5000
 * Running on http://172.20.10.5:5000]
[2023-10-21 20:22:57,325: INFO: _internal: [33mPress CTRL+C to quit[0m]
[2023-10-21 20:23:00,887: INFO: _internal: 172.20.10.5 - - [21/Oct/2023 20:23:00] "GET / HTTP/1.1" 200 -]
[2023-10-21 20:23:01,887: INFO: _internal: 172.20.10.5 - - [21/Oct/2023 20:23:01] "[36mGET /static/js/scripts.js HTTP/1.1[0m" 304 -]
[2023-10-21 20:23:01,888: INFO: _internal: 172.20.10.5 - - [21/Oct/2023 20:23:01] "[36mGET /static/css2/nunito-font.css HTTP/1.1[0m" 304 -]
[2023-10-21 20:23:01,891: INFO: _internal: 172.20.10.5 - - [21/Oct/2023 20:23:01] "[36mGET /static/css2/style.css HTTP/1.1[0m" 304 -]
[2023-10-21 20:23:01,896: INFO: _internal: 172.20.10.5 - - [21/Oct/2023 20:23:01] "[36mGET /static/css/styles.css HTTP/1.1[0m" 304 -]
[2023-10-21 20:23:01,928: INFO: _internal: 172.20.10.5 - - [21/Oct/2023 20:23:01] "[33mGET /static/assets/img/wine.jpg HTTP/1.1[0m" 404 -]
[2023-10-21 20:23:01,930: INFO: _internal: 172.20.10.5 - - [21/Oct/2023 20:23:01] "[36mGET /static/assets/img/form-v9.jpg HTTP/1.1[0m" 304 -]
[2023-10-21 20:23:01,989: INFO: _internal: 172.20.10.5 - - [21/Oct/2023 20:23:01] "[33mGET /static/fonts/Nunito/Nunito-Bold.ttf HTTP/1.1[0m" 404 -]
[2023-10-21 20:23:16,216: INFO: _internal: 172.20.10.5 - - [21/Oct/2023 20:23:16] "POST /predict HTTP/1.1" 200 -]
[2023-10-21 20:28:10,297: INFO: _internal: [31m[1mWARNING: This is a development server. Do not use it in a production deployment. Use a production WSGI server instead.[0m
 * Running on all addresses (0.0.0.0)
 * Running on http://127.0.0.1:5000
 * Running on http://172.20.10.5:5000]
[2023-10-21 20:28:10,297: INFO: _internal: [33mPress CTRL+C to quit[0m]
[2023-10-21 20:28:16,217: INFO: _internal: 172.20.10.5 - - [21/Oct/2023 20:28:16] "GET / HTTP/1.1" 200 -]
[2023-10-21 20:28:17,275: INFO: _internal: 172.20.10.5 - - [21/Oct/2023 20:28:17] "[36mGET /static/css2/nunito-font.css HTTP/1.1[0m" 304 -]
[2023-10-21 20:28:17,277: INFO: _internal: 172.20.10.5 - - [21/Oct/2023 20:28:17] "[36mGET /static/css2/style.css HTTP/1.1[0m" 304 -]
[2023-10-21 20:28:17,278: INFO: _internal: 172.20.10.5 - - [21/Oct/2023 20:28:17] "[36mGET /static/css/styles.css HTTP/1.1[0m" 304 -]
[2023-10-21 20:28:17,278: INFO: _internal: 172.20.10.5 - - [21/Oct/2023 20:28:17] "[36mGET /static/js/scripts.js HTTP/1.1[0m" 304 -]
[2023-10-21 20:28:17,312: INFO: _internal: 172.20.10.5 - - [21/Oct/2023 20:28:17] "GET /static/assets/img/basket.jpg HTTP/1.1" 200 -]
[2023-10-21 20:28:17,363: INFO: _internal: 172.20.10.5 - - [21/Oct/2023 20:28:17] "[36mGET /static/assets/img/form-v9.jpg HTTP/1.1[0m" 304 -]
[2023-10-21 20:28:17,400: INFO: _internal: 172.20.10.5 - - [21/Oct/2023 20:28:17] "[33mGET /static/fonts/Nunito/Nunito-Bold.ttf HTTP/1.1[0m" 404 -]
[2023-10-21 20:28:35,165: INFO: _internal: 172.20.10.5 - - [21/Oct/2023 20:28:35] "POST /predict HTTP/1.1" 200 -]
[2023-10-21 20:36:20,861: INFO: _internal: [31m[1mWARNING: This is a development server. Do not use it in a production deployment. Use a production WSGI server instead.[0m
 * Running on all addresses (0.0.0.0)
 * Running on http://127.0.0.1:5000
 * Running on http://172.20.10.5:5000]
[2023-10-21 20:36:20,862: INFO: _internal: [33mPress CTRL+C to quit[0m]
[2023-10-21 20:36:25,268: INFO: _internal: 172.20.10.5 - - [21/Oct/2023 20:36:25] "GET / HTTP/1.1" 200 -]
[2023-10-21 20:36:26,212: INFO: _internal: 172.20.10.5 - - [21/Oct/2023 20:36:26] "[36mGET /static/css2/nunito-font.css HTTP/1.1[0m" 304 -]
[2023-10-21 20:36:26,212: INFO: _internal: 172.20.10.5 - - [21/Oct/2023 20:36:26] "[36mGET /static/css2/style.css HTTP/1.1[0m" 304 -]
[2023-10-21 20:36:26,214: INFO: _internal: 172.20.10.5 - - [21/Oct/2023 20:36:26] "[36mGET /static/css/styles.css HTTP/1.1[0m" 304 -]
[2023-10-21 20:36:26,226: INFO: _internal: 172.20.10.5 - - [21/Oct/2023 20:36:26] "[36mGET /static/js/scripts.js HTTP/1.1[0m" 304 -]
[2023-10-21 20:36:26,259: INFO: _internal: 172.20.10.5 - - [21/Oct/2023 20:36:26] "[36mGET /static/assets/img/basket.jpg HTTP/1.1[0m" 304 -]
[2023-10-21 20:36:26,304: INFO: _internal: 172.20.10.5 - - [21/Oct/2023 20:36:26] "[36mGET /static/assets/img/form-v9.jpg HTTP/1.1[0m" 304 -]
[2023-10-21 20:36:26,341: INFO: _internal: 172.20.10.5 - - [21/Oct/2023 20:36:26] "[33mGET /static/fonts/Nunito/Nunito-Bold.ttf HTTP/1.1[0m" 404 -]
[2023-10-21 20:36:39,599: INFO: _internal: 172.20.10.5 - - [21/Oct/2023 20:36:39] "POST /predict HTTP/1.1" 200 -]
[2023-10-21 23:09:07,916: INFO: _internal: [31m[1mWARNING: This is a development server. Do not use it in a production deployment. Use a production WSGI server instead.[0m
 * Running on all addresses (0.0.0.0)
 * Running on http://127.0.0.1:5000
 * Running on http://172.20.10.5:5000]
[2023-10-21 23:09:07,918: INFO: _internal: [33mPress CTRL+C to quit[0m]
[2023-10-21 23:09:28,471: INFO: _internal: [31m[1mWARNING: This is a development server. Do not use it in a production deployment. Use a production WSGI server instead.[0m
 * Running on all addresses (0.0.0.0)
 * Running on http://127.0.0.1:5000
 * Running on http://172.20.10.5:5000]
[2023-10-21 23:09:28,473: INFO: _internal: [33mPress CTRL+C to quit[0m]
[2023-10-21 23:10:27,280: INFO: _internal: [31m[1mWARNING: This is a development server. Do not use it in a production deployment. Use a production WSGI server instead.[0m
 * Running on all addresses (0.0.0.0)
 * Running on http://127.0.0.1:5000
 * Running on http://172.20.10.5:5000]
[2023-10-21 23:10:27,284: INFO: _internal: [33mPress CTRL+C to quit[0m]
[2023-10-21 23:10:33,602: INFO: _internal: 172.20.10.5 - - [21/Oct/2023 23:10:33] "GET / HTTP/1.1" 200 -]
[2023-10-21 23:10:36,900: INFO: _internal: 172.20.10.5 - - [21/Oct/2023 23:10:36] "GET /static/css/styles.css HTTP/1.1" 200 -]
[2023-10-21 23:10:36,908: INFO: _internal: 172.20.10.5 - - [21/Oct/2023 23:10:36] "GET /static/css2/style.css HTTP/1.1" 200 -]
[2023-10-21 23:10:36,908: INFO: _internal: 172.20.10.5 - - [21/Oct/2023 23:10:36] "GET /static/js/scripts.js HTTP/1.1" 200 -]
[2023-10-21 23:10:36,953: INFO: _internal: 172.20.10.5 - - [21/Oct/2023 23:10:36] "GET /static/css2/nunito-font.css HTTP/1.1" 200 -]
[2023-10-21 23:10:36,994: INFO: _internal: 172.20.10.5 - - [21/Oct/2023 23:10:36] "[36mGET /static/assets/img/basket.jpg HTTP/1.1[0m" 304 -]
[2023-10-21 23:10:37,106: INFO: _internal: 172.20.10.5 - - [21/Oct/2023 23:10:37] "GET /static/assets/img/form-v9.jpg HTTP/1.1" 200 -]
[2023-10-21 23:10:37,220: INFO: _internal: 172.20.10.5 - - [21/Oct/2023 23:10:37] "[33mGET /static/fonts/Nunito/Nunito-Bold.ttf HTTP/1.1[0m" 404 -]
[2023-10-21 23:10:53,327: INFO: _internal: 172.20.10.5 - - [21/Oct/2023 23:10:53] "POST /predict HTTP/1.1" 200 -]
[2023-10-21 23:25:21,196: INFO: _internal: [31m[1mWARNING: This is a development server. Do not use it in a production deployment. Use a production WSGI server instead.[0m
 * Running on all addresses (0.0.0.0)
 * Running on http://127.0.0.1:5000
 * Running on http://172.20.10.5:5000]
[2023-10-21 23:25:21,197: INFO: _internal: [33mPress CTRL+C to quit[0m]
[2023-10-21 23:25:21,203: INFO: _internal:  * Restarting with stat]
[2023-10-21 23:25:22,690: WARNING: _internal:  * Debugger is active!]
[2023-10-21 23:25:22,695: INFO: _internal:  * Debugger PIN: 902-232-860]
[2023-10-21 23:25:28,792: INFO: _internal: 172.20.10.5 - - [21/Oct/2023 23:25:28] "GET / HTTP/1.1" 200 -]
[2023-10-21 23:25:31,592: INFO: _internal: 172.20.10.5 - - [21/Oct/2023 23:25:31] "[36mGET /static/css2/style.css HTTP/1.1[0m" 304 -]
[2023-10-21 23:25:31,600: INFO: _internal: 172.20.10.5 - - [21/Oct/2023 23:25:31] "[36mGET /static/js/scripts.js HTTP/1.1[0m" 304 -]
[2023-10-21 23:25:31,602: INFO: _internal: 172.20.10.5 - - [21/Oct/2023 23:25:31] "[36mGET /static/css2/nunito-font.css HTTP/1.1[0m" 304 -]
[2023-10-21 23:25:31,609: INFO: _internal: 172.20.10.5 - - [21/Oct/2023 23:25:31] "[36mGET /static/css/styles.css HTTP/1.1[0m" 304 -]
[2023-10-21 23:25:31,683: INFO: _internal: 172.20.10.5 - - [21/Oct/2023 23:25:31] "[36mGET /static/assets/img/basket.jpg HTTP/1.1[0m" 304 -]
[2023-10-21 23:25:31,689: INFO: _internal: 172.20.10.5 - - [21/Oct/2023 23:25:31] "[36mGET /static/assets/img/form-v9.jpg HTTP/1.1[0m" 304 -]
[2023-10-21 23:25:31,831: INFO: _internal: 172.20.10.5 - - [21/Oct/2023 23:25:31] "[33mGET /static/fonts/Nunito/Nunito-Bold.ttf HTTP/1.1[0m" 404 -]
[2023-10-21 23:25:34,767: INFO: _internal: 172.20.10.5 - - [21/Oct/2023 23:25:34] "GET / HTTP/1.1" 200 -]
[2023-10-21 23:25:35,002: INFO: _internal: 172.20.10.5 - - [21/Oct/2023 23:25:35] "[36mGET /static/css/styles.css HTTP/1.1[0m" 304 -]
[2023-10-21 23:25:35,023: INFO: _internal: 172.20.10.5 - - [21/Oct/2023 23:25:35] "[36mGET /static/css2/nunito-font.css HTTP/1.1[0m" 304 -]
[2023-10-21 23:25:35,033: INFO: _internal: 172.20.10.5 - - [21/Oct/2023 23:25:35] "[36mGET /static/js/scripts.js HTTP/1.1[0m" 304 -]
[2023-10-21 23:25:35,034: INFO: _internal: 172.20.10.5 - - [21/Oct/2023 23:25:35] "[36mGET /static/css2/style.css HTTP/1.1[0m" 304 -]
[2023-10-21 23:25:35,140: INFO: _internal: 172.20.10.5 - - [21/Oct/2023 23:25:35] "[36mGET /static/assets/img/basket.jpg HTTP/1.1[0m" 304 -]
[2023-10-21 23:25:35,169: INFO: _internal: 172.20.10.5 - - [21/Oct/2023 23:25:35] "[36mGET /static/assets/img/form-v9.jpg HTTP/1.1[0m" 304 -]
[2023-10-21 23:25:35,218: INFO: _internal: 172.20.10.5 - - [21/Oct/2023 23:25:35] "[33mGET /static/fonts/Nunito/Nunito-Bold.ttf HTTP/1.1[0m" 404 -]
[2023-10-21 23:25:53,109: INFO: _internal: 172.20.10.5 - - [21/Oct/2023 23:25:53] "POST /predict HTTP/1.1" 200 -]
[2023-10-21 23:39:45,050: INFO: _internal: 172.20.10.5 - - [21/Oct/2023 23:39:45] "GET / HTTP/1.1" 200 -]
[2023-10-21 23:39:45,179: INFO: _internal: 172.20.10.5 - - [21/Oct/2023 23:39:45] "[36mGET /static/css/styles.css HTTP/1.1[0m" 304 -]
[2023-10-21 23:39:45,185: INFO: _internal: 172.20.10.5 - - [21/Oct/2023 23:39:45] "[36mGET /static/css2/nunito-font.css HTTP/1.1[0m" 304 -]
[2023-10-21 23:39:45,201: INFO: _internal: 172.20.10.5 - - [21/Oct/2023 23:39:45] "[36mGET /static/css2/style.css HTTP/1.1[0m" 304 -]
[2023-10-21 23:39:45,204: INFO: _internal: 172.20.10.5 - - [21/Oct/2023 23:39:45] "[36mGET /static/js/scripts.js HTTP/1.1[0m" 304 -]
[2023-10-21 23:39:45,468: INFO: _internal: 172.20.10.5 - - [21/Oct/2023 23:39:45] "[36mGET /static/assets/img/basket.jpg HTTP/1.1[0m" 304 -]
[2023-10-21 23:39:45,469: INFO: _internal: 172.20.10.5 - - [21/Oct/2023 23:39:45] "[36mGET /static/assets/img/form-v9.jpg HTTP/1.1[0m" 304 -]
[2023-10-21 23:39:45,585: INFO: _internal: 172.20.10.5 - - [21/Oct/2023 23:39:45] "[33mGET /static/fonts/Nunito/Nunito-Bold.ttf HTTP/1.1[0m" 404 -]
[2023-10-21 23:45:36,468: INFO: _internal: [31m[1mWARNING: This is a development server. Do not use it in a production deployment. Use a production WSGI server instead.[0m
 * Running on all addresses (0.0.0.0)
 * Running on http://127.0.0.1:5000
 * Running on http://172.20.10.5:5000]
[2023-10-21 23:45:36,469: INFO: _internal: [33mPress CTRL+C to quit[0m]
[2023-10-21 23:45:36,474: INFO: _internal:  * Restarting with stat]
[2023-10-21 23:45:38,060: WARNING: _internal:  * Debugger is active!]
[2023-10-21 23:45:38,069: INFO: _internal:  * Debugger PIN: 902-232-860]
[2023-10-21 23:45:45,867: INFO: _internal: 172.20.10.5 - - [21/Oct/2023 23:45:45] "GET / HTTP/1.1" 200 -]
[2023-10-21 23:45:49,151: INFO: _internal: 172.20.10.5 - - [21/Oct/2023 23:45:49] "[36mGET /static/css2/style.css HTTP/1.1[0m" 304 -]
[2023-10-21 23:45:49,177: INFO: _internal: 172.20.10.5 - - [21/Oct/2023 23:45:49] "[36mGET /static/js/scripts.js HTTP/1.1[0m" 304 -]
[2023-10-21 23:45:49,296: INFO: _internal: 172.20.10.5 - - [21/Oct/2023 23:45:49] "[36mGET /static/css/styles.css HTTP/1.1[0m" 304 -]
[2023-10-21 23:45:49,310: INFO: _internal: 172.20.10.5 - - [21/Oct/2023 23:45:49] "GET /static/css2/nunito-font.css HTTP/1.1" 200 -]
[2023-10-21 23:45:49,364: INFO: _internal: 172.20.10.5 - - [21/Oct/2023 23:45:49] "[33mGET /static/assets/img/basket.jpg HTTP/1.1[0m" 404 -]
[2023-10-21 23:45:49,475: INFO: _internal: 172.20.10.5 - - [21/Oct/2023 23:45:49] "[36mGET /static/assets/img/form-v9.jpg HTTP/1.1[0m" 304 -]
[2023-10-21 23:45:49,542: INFO: _internal: 172.20.10.5 - - [21/Oct/2023 23:45:49] "[33mGET /static/fonts/Nunito/Nunito-Bold.ttf HTTP/1.1[0m" 404 -]
[2023-10-21 23:46:05,368: INFO: _internal: 172.20.10.5 - - [21/Oct/2023 23:46:05] "POST /predict HTTP/1.1" 200 -]
[2023-10-21 23:53:35,158: INFO: _internal: [31m[1mWARNING: This is a development server. Do not use it in a production deployment. Use a production WSGI server instead.[0m
 * Running on all addresses (0.0.0.0)
 * Running on http://127.0.0.1:5000
 * Running on http://172.20.10.5:5000]
[2023-10-21 23:53:35,160: INFO: _internal: [33mPress CTRL+C to quit[0m]
[2023-10-21 23:53:35,167: INFO: _internal:  * Restarting with stat]
[2023-10-21 23:53:36,680: WARNING: _internal:  * Debugger is active!]
[2023-10-21 23:53:36,686: INFO: _internal:  * Debugger PIN: 902-232-860]
[2023-10-21 23:53:42,257: INFO: _internal: 172.20.10.5 - - [21/Oct/2023 23:53:42] "GET / HTTP/1.1" 200 -]
[2023-10-21 23:53:45,356: INFO: _internal: 172.20.10.5 - - [21/Oct/2023 23:53:45] "[36mGET /static/js/scripts.js HTTP/1.1[0m" 304 -]
[2023-10-21 23:53:45,359: INFO: _internal: 172.20.10.5 - - [21/Oct/2023 23:53:45] "[36mGET /static/css2/style.css HTTP/1.1[0m" 304 -]
[2023-10-21 23:53:45,365: INFO: _internal: 172.20.10.5 - - [21/Oct/2023 23:53:45] "[36mGET /static/css2/nunito-font.css HTTP/1.1[0m" 304 -]
[2023-10-21 23:53:45,399: INFO: _internal: 172.20.10.5 - - [21/Oct/2023 23:53:45] "GET /static/css/styles.css HTTP/1.1" 200 -]
[2023-10-21 23:53:45,501: INFO: _internal: 172.20.10.5 - - [21/Oct/2023 23:53:45] "[33mGET /static/assets/img/basket.jpg HTTP/1.1[0m" 404 -]
[2023-10-21 23:53:45,507: INFO: _internal: 172.20.10.5 - - [21/Oct/2023 23:53:45] "[36mGET /static/assets/img/form-v9.jpg HTTP/1.1[0m" 304 -]
[2023-10-21 23:53:45,638: INFO: _internal: 172.20.10.5 - - [21/Oct/2023 23:53:45] "[33mGET /static/fonts/Nunito/Nunito-Bold.ttf HTTP/1.1[0m" 404 -]
[2023-10-21 23:54:02,906: INFO: _internal: 172.20.10.5 - - [21/Oct/2023 23:54:02] "POST /predict HTTP/1.1" 200 -]
[2023-10-22 00:03:36,710: INFO: _internal: [31m[1mWARNING: This is a development server. Do not use it in a production deployment. Use a production WSGI server instead.[0m
 * Running on all addresses (0.0.0.0)
 * Running on http://127.0.0.1:5000
 * Running on http://172.20.10.5:5000]
[2023-10-22 00:03:36,711: INFO: _internal: [33mPress CTRL+C to quit[0m]
[2023-10-22 00:03:36,717: INFO: _internal:  * Restarting with stat]
[2023-10-22 00:03:39,316: WARNING: _internal:  * Debugger is active!]
[2023-10-22 00:03:39,318: INFO: _internal:  * Debugger PIN: 902-232-860]
[2023-10-22 00:03:43,810: INFO: _internal: 172.20.10.5 - - [22/Oct/2023 00:03:43] "GET / HTTP/1.1" 200 -]
[2023-10-22 00:03:46,520: INFO: _internal: 172.20.10.5 - - [22/Oct/2023 00:03:46] "[36mGET /static/js/scripts.js HTTP/1.1[0m" 304 -]
[2023-10-22 00:03:46,520: INFO: _internal: 172.20.10.5 - - [22/Oct/2023 00:03:46] "[36mGET /static/css2/style.css HTTP/1.1[0m" 304 -]
[2023-10-22 00:03:46,531: INFO: _internal: 172.20.10.5 - - [22/Oct/2023 00:03:46] "[36mGET /static/css/styles.css HTTP/1.1[0m" 304 -]
[2023-10-22 00:03:46,540: INFO: _internal: 172.20.10.5 - - [22/Oct/2023 00:03:46] "[36mGET /static/css2/nunito-font.css HTTP/1.1[0m" 304 -]
[2023-10-22 00:03:46,608: INFO: _internal: 172.20.10.5 - - [22/Oct/2023 00:03:46] "[33mGET /static/assets/img/basket.jpg HTTP/1.1[0m" 404 -]
[2023-10-22 00:03:46,804: INFO: _internal: 172.20.10.5 - - [22/Oct/2023 00:03:46] "[36mGET /static/assets/img/form-v9.jpg HTTP/1.1[0m" 304 -]
[2023-10-22 00:03:46,919: INFO: _internal: 172.20.10.5 - - [22/Oct/2023 00:03:46] "[33mGET /static/fonts/Nunito/Nunito-Bold.ttf HTTP/1.1[0m" 404 -]
[2023-10-22 00:04:05,362: INFO: _internal: 172.20.10.5 - - [22/Oct/2023 00:04:05] "POST /predict HTTP/1.1" 200 -]
[2023-10-22 00:04:35,216: INFO: _internal:  * Detected change in 'C:\\Users\\adminn\\Documents\\GitHub\\NBA\\app.py', reloading]
[2023-10-22 00:04:35,460: INFO: _internal:  * Restarting with stat]
[2023-10-22 00:04:38,503: WARNING: _internal:  * Debugger is active!]
[2023-10-22 00:04:38,529: INFO: _internal:  * Debugger PIN: 902-232-860]
[2023-10-22 00:04:40,424: INFO: _internal: 172.20.10.5 - - [22/Oct/2023 00:04:40] "POST /predict HTTP/1.1" 200 -]
[2023-10-22 00:06:36,365: INFO: _internal:  * Detected change in 'C:\\Users\\adminn\\Documents\\GitHub\\NBA\\app.py', reloading]
[2023-10-22 00:06:36,465: INFO: _internal:  * Restarting with stat]
[2023-10-22 00:06:38,429: WARNING: _internal:  * Debugger is active!]
[2023-10-22 00:06:38,438: INFO: _internal:  * Debugger PIN: 902-232-860]
[2023-10-22 00:06:46,122: INFO: _internal: 172.20.10.5 - - [22/Oct/2023 00:06:46] "[35m[1mPOST /predict HTTP/1.1[0m" 500 -]
[2023-10-22 00:06:47,981: INFO: _internal: 172.20.10.5 - - [22/Oct/2023 00:06:47] "GET /predict?__debugger__=yes&cmd=resource&f=debugger.js HTTP/1.1" 200 -]
[2023-10-22 00:06:47,982: INFO: _internal: 172.20.10.5 - - [22/Oct/2023 00:06:47] "GET /predict?__debugger__=yes&cmd=resource&f=style.css HTTP/1.1" 200 -]
[2023-10-22 00:06:48,104: INFO: _internal: 172.20.10.5 - - [22/Oct/2023 00:06:48] "GET /predict?__debugger__=yes&cmd=resource&f=console.png HTTP/1.1" 200 -]
[2023-10-22 00:06:48,162: INFO: _internal: 172.20.10.5 - - [22/Oct/2023 00:06:48] "[36mGET /predict?__debugger__=yes&cmd=resource&f=console.png HTTP/1.1[0m" 304 -]
[2023-10-22 00:08:49,805: INFO: _internal:  * Detected change in 'C:\\Users\\adminn\\Documents\\GitHub\\NBA\\app.py', reloading]
[2023-10-22 00:08:49,937: INFO: _internal:  * Restarting with stat]
[2023-10-22 00:08:51,457: WARNING: _internal:  * Debugger is active!]
[2023-10-22 00:08:51,460: INFO: _internal:  * Debugger PIN: 902-232-860]
[2023-10-22 00:09:05,515: INFO: _internal: 172.20.10.5 - - [22/Oct/2023 00:09:05] "POST /predict HTTP/1.1" 200 -]
[2023-10-22 00:09:05,736: INFO: _internal: 172.20.10.5 - - [22/Oct/2023 00:09:05] "[33mGET /static/assets/img/basket.jpg HTTP/1.1[0m" 404 -]
[2023-10-22 00:09:07,460: INFO: _internal: 172.20.10.5 - - [22/Oct/2023 00:09:07] "[36mGET /static/css/styles.css HTTP/1.1[0m" 304 -]
[2023-10-22 00:09:07,460: INFO: _internal: 172.20.10.5 - - [22/Oct/2023 00:09:07] "[36mGET /static/js/scripts.js HTTP/1.1[0m" 304 -]
[2023-10-22 00:11:00,414: INFO: _internal: 172.20.10.5 - - [22/Oct/2023 00:11:00] "GET / HTTP/1.1" 200 -]
[2023-10-22 00:11:00,498: INFO: _internal: 172.20.10.5 - - [22/Oct/2023 00:11:00] "[36mGET /static/css/styles.css HTTP/1.1[0m" 304 -]
[2023-10-22 00:11:00,511: INFO: _internal: 172.20.10.5 - - [22/Oct/2023 00:11:00] "[36mGET /static/css2/nunito-font.css HTTP/1.1[0m" 304 -]
[2023-10-22 00:11:00,515: INFO: _internal: 172.20.10.5 - - [22/Oct/2023 00:11:00] "[36mGET /static/css2/style.css HTTP/1.1[0m" 304 -]
[2023-10-22 00:11:00,521: INFO: _internal: 172.20.10.5 - - [22/Oct/2023 00:11:00] "[36mGET /static/js/scripts.js HTTP/1.1[0m" 304 -]
[2023-10-22 00:11:00,607: INFO: _internal: 172.20.10.5 - - [22/Oct/2023 00:11:00] "GET /static/assets/img/basket.jpg HTTP/1.1" 200 -]
[2023-10-22 00:11:00,667: INFO: _internal: 172.20.10.5 - - [22/Oct/2023 00:11:00] "[33mGET /static/fonts/Nunito/Nunito-Bold.ttf HTTP/1.1[0m" 404 -]
[2023-10-22 00:11:00,704: INFO: _internal: 172.20.10.5 - - [22/Oct/2023 00:11:00] "GET /static/assets/favicon.ico HTTP/1.1" 200 -]
[2023-10-22 00:11:27,980: INFO: _internal: 172.20.10.5 - - [22/Oct/2023 00:11:27] "GET / HTTP/1.1" 200 -]
[2023-10-22 00:11:28,083: INFO: _internal: 172.20.10.5 - - [22/Oct/2023 00:11:28] "[36mGET /static/css/styles.css HTTP/1.1[0m" 304 -]
[2023-10-22 00:11:28,096: INFO: _internal: 172.20.10.5 - - [22/Oct/2023 00:11:28] "[36mGET /static/css2/nunito-font.css HTTP/1.1[0m" 304 -]
[2023-10-22 00:11:28,097: INFO: _internal: 172.20.10.5 - - [22/Oct/2023 00:11:28] "[36mGET /static/css2/style.css HTTP/1.1[0m" 304 -]
[2023-10-22 00:11:28,100: INFO: _internal: 172.20.10.5 - - [22/Oct/2023 00:11:28] "[36mGET /static/js/scripts.js HTTP/1.1[0m" 304 -]
[2023-10-22 00:11:28,193: INFO: _internal: 172.20.10.5 - - [22/Oct/2023 00:11:28] "[36mGET /static/assets/img/basket.jpg HTTP/1.1[0m" 304 -]
[2023-10-22 00:11:28,215: INFO: _internal: 172.20.10.5 - - [22/Oct/2023 00:11:28] "[36mGET /static/assets/img/form-v9.jpg HTTP/1.1[0m" 304 -]
[2023-10-22 00:11:28,230: INFO: _internal: 172.20.10.5 - - [22/Oct/2023 00:11:28] "[33mGET /static/fonts/Nunito/Nunito-Bold.ttf HTTP/1.1[0m" 404 -]
[2023-10-22 00:11:28,312: INFO: _internal: 172.20.10.5 - - [22/Oct/2023 00:11:28] "[36mGET /static/assets/favicon.ico HTTP/1.1[0m" 304 -]
[2023-10-22 00:11:53,250: INFO: _internal: 172.20.10.5 - - [22/Oct/2023 00:11:53] "POST /predict HTTP/1.1" 200 -]
[2023-10-22 00:11:53,347: INFO: _internal: 172.20.10.5 - - [22/Oct/2023 00:11:53] "[36mGET /static/css/styles.css HTTP/1.1[0m" 304 -]
[2023-10-22 00:11:53,360: INFO: _internal: 172.20.10.5 - - [22/Oct/2023 00:11:53] "[36mGET /static/js/scripts.js HTTP/1.1[0m" 304 -]
[2023-10-22 00:11:53,422: INFO: _internal: 172.20.10.5 - - [22/Oct/2023 00:11:53] "[36mGET /static/assets/img/basket.jpg HTTP/1.1[0m" 304 -]
[2023-10-22 00:12:07,248: INFO: _internal: 172.20.10.5 - - [22/Oct/2023 00:12:07] "POST /predict HTTP/1.1" 200 -]
[2023-10-22 00:12:07,347: INFO: _internal: 172.20.10.5 - - [22/Oct/2023 00:12:07] "[36mGET /static/css/styles.css HTTP/1.1[0m" 304 -]
[2023-10-22 00:12:07,351: INFO: _internal: 172.20.10.5 - - [22/Oct/2023 00:12:07] "[36mGET /static/js/scripts.js HTTP/1.1[0m" 304 -]
[2023-10-22 00:12:07,409: INFO: _internal: 172.20.10.5 - - [22/Oct/2023 00:12:07] "[36mGET /static/assets/img/basket.jpg HTTP/1.1[0m" 304 -]
[2023-10-22 00:12:20,886: INFO: _internal: 172.20.10.5 - - [22/Oct/2023 00:12:20] "POST /predict HTTP/1.1" 200 -]
[2023-10-22 00:12:20,979: INFO: _internal: 172.20.10.5 - - [22/Oct/2023 00:12:20] "[36mGET /static/css/styles.css HTTP/1.1[0m" 304 -]
[2023-10-22 00:12:20,981: INFO: _internal: 172.20.10.5 - - [22/Oct/2023 00:12:20] "[36mGET /static/js/scripts.js HTTP/1.1[0m" 304 -]
[2023-10-22 00:12:21,040: INFO: _internal: 172.20.10.5 - - [22/Oct/2023 00:12:21] "[36mGET /static/assets/img/basket.jpg HTTP/1.1[0m" 304 -]
[2023-10-22 00:13:40,970: INFO: _internal:  * Detected change in 'C:\\Users\\adminn\\Documents\\GitHub\\NBA\\app.py', reloading]
[2023-10-22 00:13:41,177: INFO: _internal:  * Restarting with stat]
[2023-10-22 00:13:43,417: WARNING: _internal:  * Debugger is active!]
[2023-10-22 00:13:43,421: INFO: _internal:  * Debugger PIN: 902-232-860]
[2023-10-22 00:13:47,252: INFO: _internal: 172.20.10.5 - - [22/Oct/2023 00:13:47] "POST /predict HTTP/1.1" 200 -]
[2023-10-22 00:13:48,807: INFO: _internal: 172.20.10.5 - - [22/Oct/2023 00:13:48] "[36mGET /static/css/styles.css HTTP/1.1[0m" 304 -]
[2023-10-22 00:13:48,809: INFO: _internal: 172.20.10.5 - - [22/Oct/2023 00:13:48] "[36mGET /static/js/scripts.js HTTP/1.1[0m" 304 -]
[2023-10-22 00:13:48,850: INFO: _internal: 172.20.10.5 - - [22/Oct/2023 00:13:48] "[36mGET /static/assets/img/basket.jpg HTTP/1.1[0m" 304 -]
[2023-10-22 00:15:13,706: INFO: _internal: 172.20.10.5 - - [22/Oct/2023 00:15:13] "POST /predict HTTP/1.1" 200 -]
[2023-10-22 00:15:13,812: INFO: _internal: 172.20.10.5 - - [22/Oct/2023 00:15:13] "[36mGET /static/css/styles.css HTTP/1.1[0m" 304 -]
[2023-10-22 00:15:13,814: INFO: _internal: 172.20.10.5 - - [22/Oct/2023 00:15:13] "[36mGET /static/js/scripts.js HTTP/1.1[0m" 304 -]
[2023-10-22 00:15:13,887: INFO: _internal: 172.20.10.5 - - [22/Oct/2023 00:15:13] "[36mGET /static/assets/img/basket.jpg HTTP/1.1[0m" 304 -]
[2023-10-22 00:15:13,954: INFO: _internal: 172.20.10.5 - - [22/Oct/2023 00:15:13] "[36mGET /static/assets/favicon.ico HTTP/1.1[0m" 304 -]
[2023-10-22 00:15:42,919: INFO: _internal: [31m[1mWARNING: This is a development server. Do not use it in a production deployment. Use a production WSGI server instead.[0m
 * Running on all addresses (0.0.0.0)
 * Running on http://127.0.0.1:5000
 * Running on http://172.20.10.5:5000]
[2023-10-22 00:15:42,920: INFO: _internal: [33mPress CTRL+C to quit[0m]
[2023-10-22 00:15:42,925: INFO: _internal:  * Restarting with stat]
[2023-10-22 00:15:44,476: WARNING: _internal:  * Debugger is active!]
[2023-10-22 00:15:44,478: INFO: _internal:  * Debugger PIN: 902-232-860]
[2023-10-22 00:15:48,566: INFO: _internal: 172.20.10.5 - - [22/Oct/2023 00:15:48] "GET / HTTP/1.1" 200 -]
[2023-10-22 00:15:51,782: INFO: _internal: 172.20.10.5 - - [22/Oct/2023 00:15:51] "[36mGET /static/css2/nunito-font.css HTTP/1.1[0m" 304 -]
[2023-10-22 00:15:51,782: INFO: _internal: 172.20.10.5 - - [22/Oct/2023 00:15:51] "[36mGET /static/css/styles.css HTTP/1.1[0m" 304 -]
[2023-10-22 00:15:51,783: INFO: _internal: 172.20.10.5 - - [22/Oct/2023 00:15:51] "[36mGET /static/js/scripts.js HTTP/1.1[0m" 304 -]
[2023-10-22 00:15:51,794: INFO: _internal: 172.20.10.5 - - [22/Oct/2023 00:15:51] "[36mGET /static/css2/style.css HTTP/1.1[0m" 304 -]
[2023-10-22 00:15:51,847: INFO: _internal: 172.20.10.5 - - [22/Oct/2023 00:15:51] "[36mGET /static/assets/img/basket.jpg HTTP/1.1[0m" 304 -]
[2023-10-22 00:15:51,985: INFO: _internal: 172.20.10.5 - - [22/Oct/2023 00:15:51] "[36mGET /static/assets/img/form-v9.jpg HTTP/1.1[0m" 304 -]
[2023-10-22 00:15:52,113: INFO: _internal: 172.20.10.5 - - [22/Oct/2023 00:15:52] "[33mGET /static/fonts/Nunito/Nunito-Bold.ttf HTTP/1.1[0m" 404 -]
[2023-10-22 00:16:07,506: INFO: _internal: 172.20.10.5 - - [22/Oct/2023 00:16:07] "POST /predict HTTP/1.1" 200 -]
[2023-10-22 00:16:07,626: INFO: _internal: 172.20.10.5 - - [22/Oct/2023 00:16:07] "[36mGET /static/css/styles.css HTTP/1.1[0m" 304 -]
[2023-10-22 00:16:07,629: INFO: _internal: 172.20.10.5 - - [22/Oct/2023 00:16:07] "[36mGET /static/js/scripts.js HTTP/1.1[0m" 304 -]
[2023-10-22 00:16:07,722: INFO: _internal: 172.20.10.5 - - [22/Oct/2023 00:16:07] "[36mGET /static/assets/img/basket.jpg HTTP/1.1[0m" 304 -]
[2023-10-22 00:18:02,825: INFO: _internal: 172.20.10.5 - - [22/Oct/2023 00:18:02] "GET / HTTP/1.1" 200 -]
[2023-10-22 00:18:02,916: INFO: _internal: 172.20.10.5 - - [22/Oct/2023 00:18:02] "[36mGET /static/css/styles.css HTTP/1.1[0m" 304 -]
[2023-10-22 00:18:02,939: INFO: _internal: 172.20.10.5 - - [22/Oct/2023 00:18:02] "[36mGET /static/css2/style.css HTTP/1.1[0m" 304 -]
[2023-10-22 00:18:02,940: INFO: _internal: 172.20.10.5 - - [22/Oct/2023 00:18:02] "[36mGET /static/css2/nunito-font.css HTTP/1.1[0m" 304 -]
[2023-10-22 00:18:02,941: INFO: _internal: 172.20.10.5 - - [22/Oct/2023 00:18:02] "[36mGET /static/js/scripts.js HTTP/1.1[0m" 304 -]
[2023-10-22 00:18:03,126: INFO: _internal: 172.20.10.5 - - [22/Oct/2023 00:18:03] "[36mGET /static/assets/img/basket.jpg HTTP/1.1[0m" 304 -]
[2023-10-22 00:18:03,128: INFO: _internal: 172.20.10.5 - - [22/Oct/2023 00:18:03] "[36mGET /static/assets/img/form-v9.jpg HTTP/1.1[0m" 304 -]
[2023-10-22 00:18:03,258: INFO: _internal: 172.20.10.5 - - [22/Oct/2023 00:18:03] "[33mGET /static/fonts/Nunito/Nunito-Bold.ttf HTTP/1.1[0m" 404 -]
[2023-10-22 00:18:17,924: INFO: _internal: 172.20.10.5 - - [22/Oct/2023 00:18:17] "POST /predict HTTP/1.1" 200 -]
[2023-10-22 00:18:18,031: INFO: _internal: 172.20.10.5 - - [22/Oct/2023 00:18:18] "[36mGET /static/css/styles.css HTTP/1.1[0m" 304 -]
[2023-10-22 00:18:18,052: INFO: _internal: 172.20.10.5 - - [22/Oct/2023 00:18:18] "[36mGET /static/js/scripts.js HTTP/1.1[0m" 304 -]
[2023-10-22 00:18:18,133: INFO: _internal: 172.20.10.5 - - [22/Oct/2023 00:18:18] "[36mGET /static/assets/img/basket.jpg HTTP/1.1[0m" 304 -]
[2023-10-22 00:21:08,001: INFO: _internal: 172.20.10.5 - - [22/Oct/2023 00:21:08] "GET / HTTP/1.1" 200 -]
[2023-10-22 00:21:08,100: INFO: _internal: 172.20.10.5 - - [22/Oct/2023 00:21:08] "[36mGET /static/css/styles.css HTTP/1.1[0m" 304 -]
[2023-10-22 00:21:08,105: INFO: _internal: 172.20.10.5 - - [22/Oct/2023 00:21:08] "[36mGET /static/css2/nunito-font.css HTTP/1.1[0m" 304 -]
[2023-10-22 00:21:08,123: INFO: _internal: 172.20.10.5 - - [22/Oct/2023 00:21:08] "[36mGET /static/css2/style.css HTTP/1.1[0m" 304 -]
[2023-10-22 00:21:08,128: INFO: _internal: 172.20.10.5 - - [22/Oct/2023 00:21:08] "[36mGET /static/js/scripts.js HTTP/1.1[0m" 304 -]
[2023-10-22 00:21:08,246: INFO: _internal: 172.20.10.5 - - [22/Oct/2023 00:21:08] "[36mGET /static/assets/img/basket.jpg HTTP/1.1[0m" 304 -]
[2023-10-22 00:21:08,275: INFO: _internal: 172.20.10.5 - - [22/Oct/2023 00:21:08] "GET /static/assets/img/bestnba.jpg HTTP/1.1" 200 -]
[2023-10-22 00:21:08,312: INFO: _internal: 172.20.10.5 - - [22/Oct/2023 00:21:08] "[33mGET /static/fonts/Nunito/Nunito-Bold.ttf HTTP/1.1[0m" 404 -]
[2023-10-22 00:21:08,363: INFO: _internal: 172.20.10.5 - - [22/Oct/2023 00:21:08] "[36mGET /static/assets/favicon.ico HTTP/1.1[0m" 304 -]
[2023-10-22 00:22:26,337: INFO: _internal: 172.20.10.5 - - [22/Oct/2023 00:22:26] "GET / HTTP/1.1" 200 -]
[2023-10-22 00:22:26,480: INFO: _internal: 172.20.10.5 - - [22/Oct/2023 00:22:26] "[36mGET /static/css/styles.css HTTP/1.1[0m" 304 -]
[2023-10-22 00:22:26,485: INFO: _internal: 172.20.10.5 - - [22/Oct/2023 00:22:26] "[36mGET /static/css2/nunito-font.css HTTP/1.1[0m" 304 -]
[2023-10-22 00:22:26,498: INFO: _internal: 172.20.10.5 - - [22/Oct/2023 00:22:26] "[36mGET /static/js/scripts.js HTTP/1.1[0m" 304 -]
[2023-10-22 00:22:26,499: INFO: _internal: 172.20.10.5 - - [22/Oct/2023 00:22:26] "[36mGET /static/css2/style.css HTTP/1.1[0m" 304 -]
[2023-10-22 00:22:26,592: INFO: _internal: 172.20.10.5 - - [22/Oct/2023 00:22:26] "[36mGET /static/assets/img/basket.jpg HTTP/1.1[0m" 304 -]
[2023-10-22 00:22:26,619: INFO: _internal: 172.20.10.5 - - [22/Oct/2023 00:22:26] "GET /static/assets/img/terrain.jpg HTTP/1.1" 200 -]
[2023-10-22 00:22:26,651: INFO: _internal: 172.20.10.5 - - [22/Oct/2023 00:22:26] "[33mGET /static/fonts/Nunito/Nunito-Bold.ttf HTTP/1.1[0m" 404 -]
[2023-10-22 00:22:26,714: INFO: _internal: 172.20.10.5 - - [22/Oct/2023 00:22:26] "[36mGET /static/assets/favicon.ico HTTP/1.1[0m" 304 -]
[2023-10-22 00:23:39,977: INFO: _internal: 172.20.10.5 - - [22/Oct/2023 00:23:39] "POST /predict HTTP/1.1" 200 -]
[2023-10-22 00:23:40,096: INFO: _internal: 172.20.10.5 - - [22/Oct/2023 00:23:40] "[36mGET /static/css/styles.css HTTP/1.1[0m" 304 -]
[2023-10-22 00:23:40,099: INFO: _internal: 172.20.10.5 - - [22/Oct/2023 00:23:40] "[36mGET /static/js/scripts.js HTTP/1.1[0m" 304 -]
[2023-10-22 00:23:40,186: INFO: _internal: 172.20.10.5 - - [22/Oct/2023 00:23:40] "[36mGET /static/assets/img/basket.jpg HTTP/1.1[0m" 304 -]
[2023-10-22 00:27:16,526: INFO: _internal: 172.20.10.5 - - [22/Oct/2023 00:27:16] "POST /predict HTTP/1.1" 200 -]
[2023-10-22 00:27:16,644: INFO: _internal: 172.20.10.5 - - [22/Oct/2023 00:27:16] "[36mGET /static/css/styles.css HTTP/1.1[0m" 304 -]
[2023-10-22 00:27:16,648: INFO: _internal: 172.20.10.5 - - [22/Oct/2023 00:27:16] "[36mGET /static/js/scripts.js HTTP/1.1[0m" 304 -]
[2023-10-22 00:27:16,737: INFO: _internal: 172.20.10.5 - - [22/Oct/2023 00:27:16] "[36mGET /static/assets/img/basket.jpg HTTP/1.1[0m" 304 -]
[2023-10-22 00:27:16,797: INFO: _internal: 172.20.10.5 - - [22/Oct/2023 00:27:16] "[36mGET /static/assets/favicon.ico HTTP/1.1[0m" 304 -]
[2023-10-22 00:27:23,111: INFO: _internal: 172.20.10.5 - - [22/Oct/2023 00:27:23] "POST /predict HTTP/1.1" 200 -]
[2023-10-22 00:27:23,203: INFO: _internal: 172.20.10.5 - - [22/Oct/2023 00:27:23] "[36mGET /static/css/styles.css HTTP/1.1[0m" 304 -]
[2023-10-22 00:27:23,210: INFO: _internal: 172.20.10.5 - - [22/Oct/2023 00:27:23] "[36mGET /static/js/scripts.js HTTP/1.1[0m" 304 -]
[2023-10-22 00:27:23,268: INFO: _internal: 172.20.10.5 - - [22/Oct/2023 00:27:23] "[36mGET /static/assets/img/basket.jpg HTTP/1.1[0m" 304 -]
[2023-10-22 00:27:42,027: INFO: _internal:  * Detected change in 'C:\\Users\\adminn\\Documents\\GitHub\\NBA\\app.py', reloading]
[2023-10-22 00:27:42,236: INFO: _internal:  * Restarting with stat]
[2023-10-22 00:27:44,524: WARNING: _internal:  * Debugger is active!]
[2023-10-22 00:27:44,534: INFO: _internal:  * Debugger PIN: 902-232-860]
[2023-10-22 00:27:50,012: INFO: _internal: 172.20.10.5 - - [22/Oct/2023 00:27:50] "POST /predict HTTP/1.1" 200 -]
[2023-10-22 00:27:51,704: INFO: _internal: 172.20.10.5 - - [22/Oct/2023 00:27:51] "[36mGET /static/js/scripts.js HTTP/1.1[0m" 304 -]
[2023-10-22 00:27:51,704: INFO: _internal: 172.20.10.5 - - [22/Oct/2023 00:27:51] "[36mGET /static/css/styles.css HTTP/1.1[0m" 304 -]
[2023-10-22 00:27:51,763: INFO: _internal: 172.20.10.5 - - [22/Oct/2023 00:27:51] "[36mGET /static/assets/img/basket.jpg HTTP/1.1[0m" 304 -]
[2023-10-22 00:29:43,665: INFO: _internal: 172.20.10.5 - - [22/Oct/2023 00:29:43] "POST /predict HTTP/1.1" 200 -]
[2023-10-22 00:29:43,765: INFO: _internal: 172.20.10.5 - - [22/Oct/2023 00:29:43] "[36mGET /static/css/styles.css HTTP/1.1[0m" 304 -]
[2023-10-22 00:29:43,774: INFO: _internal: 172.20.10.5 - - [22/Oct/2023 00:29:43] "[36mGET /static/js/scripts.js HTTP/1.1[0m" 304 -]
[2023-10-22 00:29:43,850: INFO: _internal: 172.20.10.5 - - [22/Oct/2023 00:29:43] "[36mGET /static/assets/img/bestnba.jpg HTTP/1.1[0m" 304 -]
[2023-10-22 00:29:43,900: INFO: _internal: 172.20.10.5 - - [22/Oct/2023 00:29:43] "[36mGET /static/assets/favicon.ico HTTP/1.1[0m" 304 -]
[2023-10-22 00:29:50,325: INFO: _internal: 172.20.10.5 - - [22/Oct/2023 00:29:50] "GET / HTTP/1.1" 200 -]
[2023-10-22 00:29:50,416: INFO: _internal: 172.20.10.5 - - [22/Oct/2023 00:29:50] "[36mGET /static/css/styles.css HTTP/1.1[0m" 304 -]
[2023-10-22 00:29:50,420: INFO: _internal: 172.20.10.5 - - [22/Oct/2023 00:29:50] "[36mGET /static/css2/nunito-font.css HTTP/1.1[0m" 304 -]
[2023-10-22 00:29:50,428: INFO: _internal: 172.20.10.5 - - [22/Oct/2023 00:29:50] "[36mGET /static/css2/style.css HTTP/1.1[0m" 304 -]
[2023-10-22 00:29:50,435: INFO: _internal: 172.20.10.5 - - [22/Oct/2023 00:29:50] "[36mGET /static/js/scripts.js HTTP/1.1[0m" 304 -]
[2023-10-22 00:29:50,495: INFO: _internal: 172.20.10.5 - - [22/Oct/2023 00:29:50] "[36mGET /static/assets/img/basket.jpg HTTP/1.1[0m" 304 -]
[2023-10-22 00:29:50,517: INFO: _internal: 172.20.10.5 - - [22/Oct/2023 00:29:50] "[36mGET /static/assets/img/terrain.jpg HTTP/1.1[0m" 304 -]
[2023-10-22 00:29:50,539: INFO: _internal: 172.20.10.5 - - [22/Oct/2023 00:29:50] "[33mGET /static/fonts/Nunito/Nunito-Bold.ttf HTTP/1.1[0m" 404 -]
[2023-10-22 10:33:38,705: INFO: _internal:  * Detected change in 'C:\\Users\\adminn\\Documents\\GitHub\\NBA\\app.py', reloading]
[2023-10-22 10:33:38,959: INFO: _internal:  * Restarting with stat]
[2023-10-22 10:33:41,578: WARNING: _internal:  * Debugger is active!]
[2023-10-22 10:33:41,584: INFO: _internal:  * Debugger PIN: 902-232-860]
[2023-10-22 10:34:18,800: INFO: _internal:  * Detected change in 'C:\\Users\\adminn\\Documents\\GitHub\\NBA\\setup.py', reloading]
[2023-10-22 10:34:18,884: INFO: _internal:  * Restarting with stat]
[2023-10-22 10:34:19,928: WARNING: _internal:  * Debugger is active!]
[2023-10-22 10:34:19,934: INFO: _internal:  * Debugger PIN: 902-232-860]
[2023-10-22 21:19:47,500: INFO: _internal: [31m[1mWARNING: This is a development server. Do not use it in a production deployment. Use a production WSGI server instead.[0m
 * Running on all addresses (0.0.0.0)
 * Running on http://127.0.0.1:5000
 * Running on http://172.20.10.5:5000]
[2023-10-22 21:19:47,502: INFO: _internal: [33mPress CTRL+C to quit[0m]
[2023-10-22 21:19:47,508: INFO: _internal:  * Restarting with stat]
[2023-10-22 21:19:50,834: WARNING: _internal:  * Debugger is active!]
[2023-10-22 21:19:50,865: INFO: _internal:  * Debugger PIN: 902-232-860]
[2023-10-22 21:20:25,905: INFO: _internal: [31m[1mWARNING: This is a development server. Do not use it in a production deployment. Use a production WSGI server instead.[0m
 * Running on all addresses (0.0.0.0)
 * Running on http://127.0.0.1:5000
 * Running on http://172.20.10.5:5000]
[2023-10-22 21:20:25,909: INFO: _internal: [33mPress CTRL+C to quit[0m]
[2023-10-22 21:20:25,915: INFO: _internal:  * Restarting with stat]
[2023-10-22 21:20:28,821: WARNING: _internal:  * Debugger is active!]
[2023-10-22 21:20:28,828: INFO: _internal:  * Debugger PIN: 902-232-860]
[2023-10-22 21:20:33,232: INFO: _internal: 172.20.10.5 - - [22/Oct/2023 21:20:33] "GET / HTTP/1.1" 200 -]
[2023-10-22 21:20:36,229: INFO: _internal: 172.20.10.5 - - [22/Oct/2023 21:20:36] "[36mGET /static/css2/style.css HTTP/1.1[0m" 304 -]
[2023-10-22 21:20:36,233: INFO: _internal: 172.20.10.5 - - [22/Oct/2023 21:20:36] "[36mGET /static/css/styles.css HTTP/1.1[0m" 304 -]
[2023-10-22 21:20:36,240: INFO: _internal: 172.20.10.5 - - [22/Oct/2023 21:20:36] "[36mGET /static/css2/nunito-font.css HTTP/1.1[0m" 304 -]
[2023-10-22 21:20:36,262: INFO: _internal: 172.20.10.5 - - [22/Oct/2023 21:20:36] "[36mGET /static/js/scripts.js HTTP/1.1[0m" 304 -]
[2023-10-22 21:20:36,367: INFO: _internal: 172.20.10.5 - - [22/Oct/2023 21:20:36] "[36mGET /static/assets/img/terrain.jpg HTTP/1.1[0m" 304 -]
[2023-10-22 21:20:36,370: INFO: _internal: 172.20.10.5 - - [22/Oct/2023 21:20:36] "[36mGET /static/assets/img/basket.jpg HTTP/1.1[0m" 304 -]
[2023-10-22 21:20:36,496: INFO: _internal: 172.20.10.5 - - [22/Oct/2023 21:20:36] "[33mGET /static/fonts/Nunito/Nunito-Bold.ttf HTTP/1.1[0m" 404 -]
[2023-10-22 21:21:10,471: INFO: _internal: 172.20.10.5 - - [22/Oct/2023 21:21:10] "POST /predict HTTP/1.1" 200 -]
[2023-10-22 21:21:10,606: INFO: _internal: 172.20.10.5 - - [22/Oct/2023 21:21:10] "[36mGET /static/css/styles.css HTTP/1.1[0m" 304 -]
[2023-10-22 21:21:10,610: INFO: _internal: 172.20.10.5 - - [22/Oct/2023 21:21:10] "[36mGET /static/js/scripts.js HTTP/1.1[0m" 304 -]
[2023-10-22 21:21:10,833: INFO: _internal: 172.20.10.5 - - [22/Oct/2023 21:21:10] "[36mGET /static/assets/img/bestnba.jpg HTTP/1.1[0m" 304 -]
[2023-10-22 21:21:21,896: INFO: _internal: 172.20.10.5 - - [22/Oct/2023 21:21:21] "GET / HTTP/1.1" 200 -]
[2023-10-22 21:21:21,982: INFO: _internal: 172.20.10.5 - - [22/Oct/2023 21:21:21] "[36mGET /static/css/styles.css HTTP/1.1[0m" 304 -]
[2023-10-22 21:21:21,988: INFO: _internal: 172.20.10.5 - - [22/Oct/2023 21:21:21] "[36mGET /static/css2/nunito-font.css HTTP/1.1[0m" 304 -]
[2023-10-22 21:21:21,999: INFO: _internal: 172.20.10.5 - - [22/Oct/2023 21:21:21] "[36mGET /static/css2/style.css HTTP/1.1[0m" 304 -]
[2023-10-22 21:21:22,004: INFO: _internal: 172.20.10.5 - - [22/Oct/2023 21:21:22] "[36mGET /static/js/scripts.js HTTP/1.1[0m" 304 -]
[2023-10-22 21:21:22,139: INFO: _internal: 172.20.10.5 - - [22/Oct/2023 21:21:22] "[36mGET /static/assets/img/basket.jpg HTTP/1.1[0m" 304 -]
[2023-10-22 21:21:22,164: INFO: _internal: 172.20.10.5 - - [22/Oct/2023 21:21:22] "[36mGET /static/assets/img/terrain.jpg HTTP/1.1[0m" 304 -]
[2023-10-22 21:21:22,188: INFO: _internal: 172.20.10.5 - - [22/Oct/2023 21:21:22] "[33mGET /static/fonts/Nunito/Nunito-Bold.ttf HTTP/1.1[0m" 404 -]
[2023-10-22 21:21:39,159: INFO: _internal: 172.20.10.5 - - [22/Oct/2023 21:21:39] "POST /predict HTTP/1.1" 200 -]
[2023-10-22 21:21:39,320: INFO: _internal: 172.20.10.5 - - [22/Oct/2023 21:21:39] "[36mGET /static/css/styles.css HTTP/1.1[0m" 304 -]
[2023-10-22 21:21:39,360: INFO: _internal: 172.20.10.5 - - [22/Oct/2023 21:21:39] "[36mGET /static/js/scripts.js HTTP/1.1[0m" 304 -]
[2023-10-22 21:21:39,544: INFO: _internal: 172.20.10.5 - - [22/Oct/2023 21:21:39] "[36mGET /static/assets/img/bestnba.jpg HTTP/1.1[0m" 304 -]
[2023-10-22 21:21:56,184: INFO: _internal: 172.20.10.5 - - [22/Oct/2023 21:21:56] "GET / HTTP/1.1" 200 -]
[2023-10-22 21:21:56,303: INFO: _internal: 172.20.10.5 - - [22/Oct/2023 21:21:56] "[36mGET /static/css/styles.css HTTP/1.1[0m" 304 -]
[2023-10-22 21:21:56,329: INFO: _internal: 172.20.10.5 - - [22/Oct/2023 21:21:56] "[36mGET /static/css2/nunito-font.css HTTP/1.1[0m" 304 -]
[2023-10-22 21:21:56,341: INFO: _internal: 172.20.10.5 - - [22/Oct/2023 21:21:56] "[36mGET /static/css2/style.css HTTP/1.1[0m" 304 -]
[2023-10-22 21:21:56,344: INFO: _internal: 172.20.10.5 - - [22/Oct/2023 21:21:56] "[36mGET /static/js/scripts.js HTTP/1.1[0m" 304 -]
[2023-10-22 21:21:56,501: INFO: _internal: 172.20.10.5 - - [22/Oct/2023 21:21:56] "[36mGET /static/assets/img/basket.jpg HTTP/1.1[0m" 304 -]
[2023-10-22 21:21:56,529: INFO: _internal: 172.20.10.5 - - [22/Oct/2023 21:21:56] "[36mGET /static/assets/img/terrain.jpg HTTP/1.1[0m" 304 -]
[2023-10-22 21:21:56,574: INFO: _internal: 172.20.10.5 - - [22/Oct/2023 21:21:56] "[33mGET /static/fonts/Nunito/Nunito-Bold.ttf HTTP/1.1[0m" 404 -]
[2023-10-22 21:22:30,400: INFO: _internal: [31m[1mWARNING: This is a development server. Do not use it in a production deployment. Use a production WSGI server instead.[0m
 * Running on all addresses (0.0.0.0)
 * Running on http://127.0.0.1:5000
 * Running on http://172.20.10.5:5000]
[2023-10-22 21:22:30,407: INFO: _internal: [33mPress CTRL+C to quit[0m]
[2023-10-22 21:22:30,417: INFO: _internal:  * Restarting with stat]
[2023-10-22 21:22:33,756: WARNING: _internal:  * Debugger is active!]
[2023-10-22 21:22:33,806: INFO: _internal:  * Debugger PIN: 902-232-860]
[2023-10-22 21:22:36,391: INFO: _internal: 172.20.10.5 - - [22/Oct/2023 21:22:36] "GET / HTTP/1.1" 200 -]
[2023-10-22 21:22:39,393: INFO: _internal: 172.20.10.5 - - [22/Oct/2023 21:22:39] "[36mGET /static/css2/nunito-font.css HTTP/1.1[0m" 304 -]
[2023-10-22 21:22:39,406: INFO: _internal: 172.20.10.5 - - [22/Oct/2023 21:22:39] "[36mGET /static/css/styles.css HTTP/1.1[0m" 304 -]
[2023-10-22 21:22:39,420: INFO: _internal: 172.20.10.5 - - [22/Oct/2023 21:22:39] "[36mGET /static/js/scripts.js HTTP/1.1[0m" 304 -]
[2023-10-22 21:22:39,435: INFO: _internal: 172.20.10.5 - - [22/Oct/2023 21:22:39] "[36mGET /static/css2/style.css HTTP/1.1[0m" 304 -]
[2023-10-22 21:22:39,645: INFO: _internal: 172.20.10.5 - - [22/Oct/2023 21:22:39] "[36mGET /static/assets/img/terrain.jpg HTTP/1.1[0m" 304 -]
[2023-10-22 21:22:39,819: INFO: _internal: 172.20.10.5 - - [22/Oct/2023 21:22:39] "[33mGET /static/fonts/Nunito/Nunito-Bold.ttf HTTP/1.1[0m" 404 -]
[2023-10-22 21:22:40,131: INFO: _internal: 172.20.10.5 - - [22/Oct/2023 21:22:40] "[36mGET /static/assets/img/basket.jpg HTTP/1.1[0m" 304 -]
[2023-10-22 21:23:02,309: INFO: _internal: 172.20.10.5 - - [22/Oct/2023 21:23:02] "POST /predict HTTP/1.1" 200 -]
[2023-10-22 21:23:02,459: INFO: _internal: 172.20.10.5 - - [22/Oct/2023 21:23:02] "[36mGET /static/css/styles.css HTTP/1.1[0m" 304 -]
[2023-10-22 21:23:02,471: INFO: _internal: 172.20.10.5 - - [22/Oct/2023 21:23:02] "[36mGET /static/js/scripts.js HTTP/1.1[0m" 304 -]
[2023-10-22 21:23:02,621: INFO: _internal: 172.20.10.5 - - [22/Oct/2023 21:23:02] "[36mGET /static/assets/img/bestnba.jpg HTTP/1.1[0m" 304 -]
[2023-10-22 21:23:08,043: INFO: _internal: 172.20.10.5 - - [22/Oct/2023 21:23:08] "GET / HTTP/1.1" 200 -]
[2023-10-22 21:23:08,134: INFO: _internal: 172.20.10.5 - - [22/Oct/2023 21:23:08] "[36mGET /static/css/styles.css HTTP/1.1[0m" 304 -]
[2023-10-22 21:23:08,162: INFO: _internal: 172.20.10.5 - - [22/Oct/2023 21:23:08] "[36mGET /static/css2/style.css HTTP/1.1[0m" 304 -]
[2023-10-22 21:23:08,171: INFO: _internal: 172.20.10.5 - - [22/Oct/2023 21:23:08] "[36mGET /static/css2/nunito-font.css HTTP/1.1[0m" 304 -]
[2023-10-22 21:23:08,176: INFO: _internal: 172.20.10.5 - - [22/Oct/2023 21:23:08] "[36mGET /static/js/scripts.js HTTP/1.1[0m" 304 -]
[2023-10-22 21:23:08,372: INFO: _internal: 172.20.10.5 - - [22/Oct/2023 21:23:08] "[36mGET /static/assets/img/basket.jpg HTTP/1.1[0m" 304 -]
[2023-10-22 21:23:08,409: INFO: _internal: 172.20.10.5 - - [22/Oct/2023 21:23:08] "[36mGET /static/assets/img/terrain.jpg HTTP/1.1[0m" 304 -]
[2023-10-22 21:23:08,482: INFO: _internal: 172.20.10.5 - - [22/Oct/2023 21:23:08] "[33mGET /static/fonts/Nunito/Nunito-Bold.ttf HTTP/1.1[0m" 404 -]
[2023-10-22 21:23:25,640: INFO: _internal: 172.20.10.5 - - [22/Oct/2023 21:23:25] "POST /predict HTTP/1.1" 200 -]
[2023-10-22 21:23:25,772: INFO: _internal: 172.20.10.5 - - [22/Oct/2023 21:23:25] "[36mGET /static/css/styles.css HTTP/1.1[0m" 304 -]
[2023-10-22 21:23:25,828: INFO: _internal: 172.20.10.5 - - [22/Oct/2023 21:23:25] "[36mGET /static/js/scripts.js HTTP/1.1[0m" 304 -]
[2023-10-22 21:23:25,966: INFO: _internal: 172.20.10.5 - - [22/Oct/2023 21:23:25] "[36mGET /static/assets/img/bestnba.jpg HTTP/1.1[0m" 304 -]
[2023-10-22 21:23:58,748: INFO: _internal: [31m[1mWARNING: This is a development server. Do not use it in a production deployment. Use a production WSGI server instead.[0m
 * Running on all addresses (0.0.0.0)
 * Running on http://127.0.0.1:5000
 * Running on http://172.20.10.5:5000]
[2023-10-22 21:23:58,751: INFO: _internal: [33mPress CTRL+C to quit[0m]
[2023-10-22 21:23:58,764: INFO: _internal:  * Restarting with stat]
[2023-10-22 21:24:02,248: WARNING: _internal:  * Debugger is active!]
[2023-10-22 21:24:02,302: INFO: _internal:  * Debugger PIN: 902-232-860]
[2023-10-22 21:24:04,028: INFO: _internal: 172.20.10.5 - - [22/Oct/2023 21:24:04] "GET / HTTP/1.1" 200 -]
[2023-10-22 21:24:07,093: INFO: _internal: 172.20.10.5 - - [22/Oct/2023 21:24:07] "[36mGET /static/js/scripts.js HTTP/1.1[0m" 304 -]
[2023-10-22 21:24:07,099: INFO: _internal: 172.20.10.5 - - [22/Oct/2023 21:24:07] "[36mGET /static/css2/style.css HTTP/1.1[0m" 304 -]
[2023-10-22 21:24:07,103: INFO: _internal: 172.20.10.5 - - [22/Oct/2023 21:24:07] "[36mGET /static/css2/nunito-font.css HTTP/1.1[0m" 304 -]
[2023-10-22 21:24:07,119: INFO: _internal: 172.20.10.5 - - [22/Oct/2023 21:24:07] "[36mGET /static/css/styles.css HTTP/1.1[0m" 304 -]
[2023-10-22 21:24:07,206: INFO: _internal: 172.20.10.5 - - [22/Oct/2023 21:24:07] "[36mGET /static/assets/img/terrain.jpg HTTP/1.1[0m" 304 -]
[2023-10-22 21:24:07,342: INFO: _internal: 172.20.10.5 - - [22/Oct/2023 21:24:07] "[33mGET /static/fonts/Nunito/Nunito-Bold.ttf HTTP/1.1[0m" 404 -]
[2023-10-22 21:24:07,472: INFO: _internal: 172.20.10.5 - - [22/Oct/2023 21:24:07] "[36mGET /static/assets/img/basket.jpg HTTP/1.1[0m" 304 -]
[2023-10-22 21:24:30,380: INFO: _internal: 172.20.10.5 - - [22/Oct/2023 21:24:30] "POST /predict HTTP/1.1" 200 -]
[2023-10-22 21:24:30,501: INFO: _internal: 172.20.10.5 - - [22/Oct/2023 21:24:30] "[36mGET /static/css/styles.css HTTP/1.1[0m" 304 -]
[2023-10-22 21:24:30,536: INFO: _internal: 172.20.10.5 - - [22/Oct/2023 21:24:30] "[36mGET /static/js/scripts.js HTTP/1.1[0m" 304 -]
[2023-10-22 21:24:30,645: INFO: _internal: 172.20.10.5 - - [22/Oct/2023 21:24:30] "[36mGET /static/assets/img/bestnba.jpg HTTP/1.1[0m" 304 -]
[2023-10-22 21:27:46,093: INFO: _internal: 172.20.10.5 - - [22/Oct/2023 21:27:46] "GET / HTTP/1.1" 200 -]
[2023-10-22 21:27:46,185: INFO: _internal: 172.20.10.5 - - [22/Oct/2023 21:27:46] "[36mGET /static/css/styles.css HTTP/1.1[0m" 304 -]
[2023-10-22 21:27:46,195: INFO: _internal: 172.20.10.5 - - [22/Oct/2023 21:27:46] "[36mGET /static/css2/nunito-font.css HTTP/1.1[0m" 304 -]
[2023-10-22 21:27:46,200: INFO: _internal: 172.20.10.5 - - [22/Oct/2023 21:27:46] "[36mGET /static/css2/style.css HTTP/1.1[0m" 304 -]
[2023-10-22 21:27:46,202: INFO: _internal: 172.20.10.5 - - [22/Oct/2023 21:27:46] "[36mGET /static/js/scripts.js HTTP/1.1[0m" 304 -]
[2023-10-22 21:27:46,271: INFO: _internal: 172.20.10.5 - - [22/Oct/2023 21:27:46] "[36mGET /static/assets/img/basket.jpg HTTP/1.1[0m" 304 -]
[2023-10-22 21:27:46,286: INFO: _internal: 172.20.10.5 - - [22/Oct/2023 21:27:46] "[36mGET /static/assets/img/terrain.jpg HTTP/1.1[0m" 304 -]
[2023-10-22 21:27:46,323: INFO: _internal: 172.20.10.5 - - [22/Oct/2023 21:27:46] "[33mGET /static/fonts/Nunito/Nunito-Bold.ttf HTTP/1.1[0m" 404 -]
[2023-10-22 21:28:03,574: INFO: _internal: 172.20.10.5 - - [22/Oct/2023 21:28:03] "POST /predict HTTP/1.1" 200 -]
[2023-10-22 21:28:03,652: INFO: _internal: 172.20.10.5 - - [22/Oct/2023 21:28:03] "[36mGET /static/css/styles.css HTTP/1.1[0m" 304 -]
[2023-10-22 21:28:03,670: INFO: _internal: 172.20.10.5 - - [22/Oct/2023 21:28:03] "[36mGET /static/js/scripts.js HTTP/1.1[0m" 304 -]
[2023-10-22 21:28:03,742: INFO: _internal: 172.20.10.5 - - [22/Oct/2023 21:28:03] "[36mGET /static/assets/img/bestnba.jpg HTTP/1.1[0m" 304 -]
[2023-12-05 13:40:53,584: INFO: _internal: [31m[1mWARNING: This is a development server. Do not use it in a production deployment. Use a production WSGI server instead.[0m
 * Running on all addresses (0.0.0.0)
 * Running on http://127.0.0.1:5000
 * Running on http://172.20.10.5:5000]
[2023-12-05 13:40:53,585: INFO: _internal: [33mPress CTRL+C to quit[0m]
[2023-12-05 13:40:53,606: INFO: _internal:  * Restarting with watchdog (windowsapi)]
[2023-12-05 13:40:54,812: WARNING: _internal:  * Debugger is active!]
[2023-12-05 13:40:54,833: INFO: _internal:  * Debugger PIN: 121-777-153]
[2023-12-05 13:41:10,446: INFO: _internal: 127.0.0.1 - - [05/Dec/2023 13:41:10] "GET / HTTP/1.1" 200 -]
[2023-12-05 13:41:11,925: INFO: _internal: 127.0.0.1 - - [05/Dec/2023 13:41:11] "GET /static/css2/style.css HTTP/1.1" 200 -]
[2023-12-05 13:41:11,927: INFO: _internal: 127.0.0.1 - - [05/Dec/2023 13:41:11] "GET /static/css2/nunito-font.css HTTP/1.1" 200 -]
[2023-12-05 13:41:11,930: INFO: _internal: 127.0.0.1 - - [05/Dec/2023 13:41:11] "GET /static/css/styles.css HTTP/1.1" 200 -]
[2023-12-05 13:41:11,941: INFO: _internal: 127.0.0.1 - - [05/Dec/2023 13:41:11] "GET /static/js/scripts.js HTTP/1.1" 200 -]
[2023-12-05 13:41:11,992: INFO: _internal: 127.0.0.1 - - [05/Dec/2023 13:41:11] "GET /static/assets/img/basket.jpg HTTP/1.1" 200 -]
[2023-12-05 13:41:12,063: INFO: _internal: 127.0.0.1 - - [05/Dec/2023 13:41:12] "GET /static/assets/img/terrain.jpg HTTP/1.1" 200 -]
[2023-12-05 13:41:12,106: INFO: _internal: 127.0.0.1 - - [05/Dec/2023 13:41:12] "[33mGET /static/fonts/Nunito/Nunito-Bold.ttf HTTP/1.1[0m" 404 -]
[2023-12-05 13:41:12,218: INFO: _internal: 127.0.0.1 - - [05/Dec/2023 13:41:12] "GET /static/assets/favicon.ico HTTP/1.1" 200 -]
[2023-12-05 13:41:33,010: INFO: _internal:  * Detected change in 'C:\\Users\\adminn\\AppData\\Local\\Programs\\Python\\Python39\\Lib\\site-packages\\sklearn\\base.py', reloading]
[2023-12-05 13:41:33,456: INFO: _internal:  * Restarting with watchdog (windowsapi)]
[2023-12-05 13:41:34,689: WARNING: _internal:  * Debugger is active!]
[2023-12-05 13:41:34,697: INFO: _internal:  * Debugger PIN: 121-777-153]
[2023-12-05 13:41:35,909: INFO: _internal: 127.0.0.1 - - [05/Dec/2023 13:41:35] "POST /predict HTTP/1.1" 200 -]
[2023-12-05 13:41:36,723: INFO: _internal: 127.0.0.1 - - [05/Dec/2023 13:41:36] "[36mGET /static/css/styles.css HTTP/1.1[0m" 304 -]
[2023-12-05 13:41:36,723: INFO: _internal: 127.0.0.1 - - [05/Dec/2023 13:41:36] "[36mGET /static/js/scripts.js HTTP/1.1[0m" 304 -]
[2023-12-05 13:41:36,787: INFO: _internal: 127.0.0.1 - - [05/Dec/2023 13:41:36] "GET /static/assets/img/bestnba.jpg HTTP/1.1" 200 -]
